ARM GAS  C:\Users\Sive\AppData\Local\Temp\cc0I2Bib.s 			page 1


   1              		.cpu cortex-m4
   2              		.arch armv7e-m
   3              		.fpu fpv4-sp-d16
   4              		.eabi_attribute 27, 1
   5              		.eabi_attribute 28, 1
   6              		.eabi_attribute 20, 1
   7              		.eabi_attribute 21, 1
   8              		.eabi_attribute 23, 3
   9              		.eabi_attribute 24, 1
  10              		.eabi_attribute 25, 1
  11              		.eabi_attribute 26, 1
  12              		.eabi_attribute 30, 1
  13              		.eabi_attribute 34, 1
  14              		.eabi_attribute 18, 4
  15              		.file	"bsp_dwt.c"
  16              		.text
  17              	.Ltext0:
  18              		.cfi_sections	.debug_frame
  19              		.file 1 "bsp/dwt/bsp_dwt.c"
  20              		.section	.text.DWT_CNT_Update,"ax",%progbits
  21              		.align	1
  22              		.syntax unified
  23              		.thumb
  24              		.thumb_func
  26              	DWT_CNT_Update:
  27              	.LFB139:
   1:bsp/dwt/bsp_dwt.c **** /**
   2:bsp/dwt/bsp_dwt.c ****  ******************************************************************************
   3:bsp/dwt/bsp_dwt.c ****  * @file	bsp_dwt.c
   4:bsp/dwt/bsp_dwt.c ****  * @author  Wang Hongxi
   5:bsp/dwt/bsp_dwt.c ****  * @author modified by Neo with annotation
   6:bsp/dwt/bsp_dwt.c ****  * @version V1.1.0
   7:bsp/dwt/bsp_dwt.c ****  * @date    2022/3/8
   8:bsp/dwt/bsp_dwt.c ****  * @brief
   9:bsp/dwt/bsp_dwt.c ****  */
  10:bsp/dwt/bsp_dwt.c **** 
  11:bsp/dwt/bsp_dwt.c **** #include "bsp_dwt.h"
  12:bsp/dwt/bsp_dwt.c **** #include "cmsis_os.h"
  13:bsp/dwt/bsp_dwt.c **** 
  14:bsp/dwt/bsp_dwt.c **** static DWT_Time_t SysTime;
  15:bsp/dwt/bsp_dwt.c **** static uint32_t CPU_FREQ_Hz, CPU_FREQ_Hz_ms, CPU_FREQ_Hz_us;
  16:bsp/dwt/bsp_dwt.c **** static uint32_t CYCCNT_RountCount;
  17:bsp/dwt/bsp_dwt.c **** static uint32_t CYCCNT_LAST;
  18:bsp/dwt/bsp_dwt.c **** static uint64_t CYCCNT64;
  19:bsp/dwt/bsp_dwt.c **** 
  20:bsp/dwt/bsp_dwt.c **** /**
  21:bsp/dwt/bsp_dwt.c ****  * @brief 私有函数,用于检查DWT CYCCNT寄存器是否溢出,并更新CYCCNT_RountCount
  22:bsp/dwt/bsp_dwt.c ****  * @attention 此函数假设两次调用之间的时间间隔不超过一次溢出
  23:bsp/dwt/bsp_dwt.c ****  *
  24:bsp/dwt/bsp_dwt.c ****  * @todo 更好的方案是为dwt的时间更新单独设置一个任务?
  25:bsp/dwt/bsp_dwt.c ****  *       不过,使用dwt的初衷是定时不被中断/任务等因素影响,因此该实现仍然
  26:bsp/dwt/bsp_dwt.c ****  *
  27:bsp/dwt/bsp_dwt.c ****  */
  28:bsp/dwt/bsp_dwt.c **** static void DWT_CNT_Update(void)
  29:bsp/dwt/bsp_dwt.c **** {
  28              		.loc 1 29 1 view -0
  29              		.cfi_startproc
ARM GAS  C:\Users\Sive\AppData\Local\Temp\cc0I2Bib.s 			page 2


  30              		@ args = 0, pretend = 0, frame = 8
  31              		@ frame_needed = 0, uses_anonymous_args = 0
  32              		@ link register save eliminated.
  30:bsp/dwt/bsp_dwt.c ****     static volatile uint8_t bit_locker = 0;
  33              		.loc 1 30 5 view .LVU1
  31:bsp/dwt/bsp_dwt.c ****     if (!bit_locker)
  34              		.loc 1 31 5 view .LVU2
  35              		.loc 1 31 9 is_stmt 0 view .LVU3
  36 0000 0E4B     		ldr	r3, .L8
  37 0002 1B78     		ldrb	r3, [r3]	@ zero_extendqisi2
  38              		.loc 1 31 8 view .LVU4
  39 0004 C3B9     		cbnz	r3, .L5
  29:bsp/dwt/bsp_dwt.c ****     static volatile uint8_t bit_locker = 0;
  40              		.loc 1 29 1 view .LVU5
  41 0006 82B0     		sub	sp, sp, #8
  42              		.cfi_def_cfa_offset 8
  43              	.LBB2:
  32:bsp/dwt/bsp_dwt.c ****     {
  33:bsp/dwt/bsp_dwt.c ****         bit_locker = 1;
  44              		.loc 1 33 9 is_stmt 1 view .LVU6
  45              		.loc 1 33 20 is_stmt 0 view .LVU7
  46 0008 0C4B     		ldr	r3, .L8
  47 000a 0122     		movs	r2, #1
  48 000c 1A70     		strb	r2, [r3]
  34:bsp/dwt/bsp_dwt.c ****         volatile uint32_t cnt_now = DWT->CYCCNT;
  49              		.loc 1 34 9 is_stmt 1 view .LVU8
  50              		.loc 1 34 40 is_stmt 0 view .LVU9
  51 000e 0C4B     		ldr	r3, .L8+4
  52 0010 5B68     		ldr	r3, [r3, #4]
  53              		.loc 1 34 27 view .LVU10
  54 0012 0193     		str	r3, [sp, #4]
  35:bsp/dwt/bsp_dwt.c ****         if (cnt_now < CYCCNT_LAST)
  55              		.loc 1 35 9 is_stmt 1 view .LVU11
  56              		.loc 1 35 21 is_stmt 0 view .LVU12
  57 0014 019A     		ldr	r2, [sp, #4]
  58 0016 0B4B     		ldr	r3, .L8+8
  59 0018 1B68     		ldr	r3, [r3]
  60              		.loc 1 35 12 view .LVU13
  61 001a 9A42     		cmp	r2, r3
  62 001c 03D2     		bcs	.L3
  36:bsp/dwt/bsp_dwt.c ****             CYCCNT_RountCount++;
  63              		.loc 1 36 13 is_stmt 1 view .LVU14
  64              		.loc 1 36 30 is_stmt 0 view .LVU15
  65 001e 0A4A     		ldr	r2, .L8+12
  66 0020 1368     		ldr	r3, [r2]
  67 0022 0133     		adds	r3, r3, #1
  68 0024 1360     		str	r3, [r2]
  69              	.L3:
  37:bsp/dwt/bsp_dwt.c **** 
  38:bsp/dwt/bsp_dwt.c ****         CYCCNT_LAST = DWT->CYCCNT;
  70              		.loc 1 38 9 is_stmt 1 view .LVU16
  71              		.loc 1 38 26 is_stmt 0 view .LVU17
  72 0026 064B     		ldr	r3, .L8+4
  73 0028 5A68     		ldr	r2, [r3, #4]
  74              		.loc 1 38 21 view .LVU18
  75 002a 064B     		ldr	r3, .L8+8
  76 002c 1A60     		str	r2, [r3]
ARM GAS  C:\Users\Sive\AppData\Local\Temp\cc0I2Bib.s 			page 3


  39:bsp/dwt/bsp_dwt.c ****         bit_locker = 0;
  77              		.loc 1 39 9 is_stmt 1 view .LVU19
  78              		.loc 1 39 20 is_stmt 0 view .LVU20
  79 002e 034B     		ldr	r3, .L8
  80 0030 0022     		movs	r2, #0
  81 0032 1A70     		strb	r2, [r3]
  82              	.LBE2:
  40:bsp/dwt/bsp_dwt.c ****     }
  41:bsp/dwt/bsp_dwt.c **** }
  83              		.loc 1 41 1 view .LVU21
  84 0034 02B0     		add	sp, sp, #8
  85              		.cfi_def_cfa_offset 0
  86              		@ sp needed
  87 0036 7047     		bx	lr
  88              	.L5:
  89 0038 7047     		bx	lr
  90              	.L9:
  91 003a 00BF     		.align	2
  92              	.L8:
  93 003c 00000000 		.word	bit_locker.3
  94 0040 001000E0 		.word	-536866816
  95 0044 00000000 		.word	CYCCNT_LAST
  96 0048 00000000 		.word	CYCCNT_RountCount
  97              		.cfi_endproc
  98              	.LFE139:
 100              		.section	.text.DWT_Init,"ax",%progbits
 101              		.align	1
 102              		.global	DWT_Init
 103              		.syntax unified
 104              		.thumb
 105              		.thumb_func
 107              	DWT_Init:
 108              	.LVL0:
 109              	.LFB140:
  42:bsp/dwt/bsp_dwt.c **** 
  43:bsp/dwt/bsp_dwt.c **** void DWT_Init(uint32_t CPU_Freq_mHz)
  44:bsp/dwt/bsp_dwt.c **** {
 110              		.loc 1 44 1 is_stmt 1 view -0
 111              		.cfi_startproc
 112              		@ args = 0, pretend = 0, frame = 0
 113              		@ frame_needed = 0, uses_anonymous_args = 0
 114              		.loc 1 44 1 is_stmt 0 view .LVU23
 115 0000 08B5     		push	{r3, lr}
 116              		.cfi_def_cfa_offset 8
 117              		.cfi_offset 3, -8
 118              		.cfi_offset 14, -4
  45:bsp/dwt/bsp_dwt.c ****     /* 使能DWT外设 */
  46:bsp/dwt/bsp_dwt.c ****     CoreDebug->DEMCR |= CoreDebug_DEMCR_TRCENA_Msk;
 119              		.loc 1 46 5 is_stmt 1 view .LVU24
 120              		.loc 1 46 14 is_stmt 0 view .LVU25
 121 0002 124A     		ldr	r2, .L12
 122 0004 D2F8FC30 		ldr	r3, [r2, #252]
 123              		.loc 1 46 22 view .LVU26
 124 0008 43F08073 		orr	r3, r3, #16777216
 125 000c C2F8FC30 		str	r3, [r2, #252]
  47:bsp/dwt/bsp_dwt.c **** 
  48:bsp/dwt/bsp_dwt.c ****     /* DWT CYCCNT寄存器计数清0 */
ARM GAS  C:\Users\Sive\AppData\Local\Temp\cc0I2Bib.s 			page 4


  49:bsp/dwt/bsp_dwt.c ****     DWT->CYCCNT = (uint32_t)0u;
 126              		.loc 1 49 5 is_stmt 1 view .LVU27
 127              		.loc 1 49 17 is_stmt 0 view .LVU28
 128 0010 0F4B     		ldr	r3, .L12+4
 129 0012 0021     		movs	r1, #0
 130 0014 5960     		str	r1, [r3, #4]
  50:bsp/dwt/bsp_dwt.c **** 
  51:bsp/dwt/bsp_dwt.c ****     /* 使能Cortex-M DWT CYCCNT寄存器 */
  52:bsp/dwt/bsp_dwt.c ****     DWT->CTRL |= DWT_CTRL_CYCCNTENA_Msk;
 131              		.loc 1 52 5 is_stmt 1 view .LVU29
 132              		.loc 1 52 8 is_stmt 0 view .LVU30
 133 0016 1A68     		ldr	r2, [r3]
 134              		.loc 1 52 15 view .LVU31
 135 0018 42F00102 		orr	r2, r2, #1
 136 001c 1A60     		str	r2, [r3]
  53:bsp/dwt/bsp_dwt.c **** 
  54:bsp/dwt/bsp_dwt.c ****     CPU_FREQ_Hz = CPU_Freq_mHz * 1000000;
 137              		.loc 1 54 5 is_stmt 1 view .LVU32
 138              		.loc 1 54 32 is_stmt 0 view .LVU33
 139 001e 0D4B     		ldr	r3, .L12+8
 140 0020 03FB00F0 		mul	r0, r3, r0
 141              	.LVL1:
 142              		.loc 1 54 17 view .LVU34
 143 0024 0C4B     		ldr	r3, .L12+12
 144 0026 1860     		str	r0, [r3]
  55:bsp/dwt/bsp_dwt.c ****     CPU_FREQ_Hz_ms = CPU_FREQ_Hz / 1000;
 145              		.loc 1 55 5 is_stmt 1 view .LVU35
 146              		.loc 1 55 34 is_stmt 0 view .LVU36
 147 0028 0C4B     		ldr	r3, .L12+16
 148 002a A3FB0023 		umull	r2, r3, r3, r0
 149 002e 9B09     		lsrs	r3, r3, #6
 150              		.loc 1 55 20 view .LVU37
 151 0030 0B4A     		ldr	r2, .L12+20
 152 0032 1360     		str	r3, [r2]
  56:bsp/dwt/bsp_dwt.c ****     CPU_FREQ_Hz_us = CPU_FREQ_Hz / 1000000;
 153              		.loc 1 56 5 is_stmt 1 view .LVU38
 154              		.loc 1 56 34 is_stmt 0 view .LVU39
 155 0034 0B4B     		ldr	r3, .L12+24
 156 0036 A3FB0030 		umull	r3, r0, r3, r0
 157 003a 800C     		lsrs	r0, r0, #18
 158              		.loc 1 56 20 view .LVU40
 159 003c 0A4B     		ldr	r3, .L12+28
 160 003e 1860     		str	r0, [r3]
  57:bsp/dwt/bsp_dwt.c ****     CYCCNT_RountCount = 0;
 161              		.loc 1 57 5 is_stmt 1 view .LVU41
 162              		.loc 1 57 23 is_stmt 0 view .LVU42
 163 0040 0A4B     		ldr	r3, .L12+32
 164 0042 1960     		str	r1, [r3]
  58:bsp/dwt/bsp_dwt.c **** 
  59:bsp/dwt/bsp_dwt.c ****     DWT_CNT_Update();
 165              		.loc 1 59 5 is_stmt 1 view .LVU43
 166 0044 FFF7FEFF 		bl	DWT_CNT_Update
 167              	.LVL2:
  60:bsp/dwt/bsp_dwt.c **** }
 168              		.loc 1 60 1 is_stmt 0 view .LVU44
 169 0048 08BD     		pop	{r3, pc}
 170              	.L13:
ARM GAS  C:\Users\Sive\AppData\Local\Temp\cc0I2Bib.s 			page 5


 171 004a 00BF     		.align	2
 172              	.L12:
 173 004c 00ED00E0 		.word	-536810240
 174 0050 001000E0 		.word	-536866816
 175 0054 40420F00 		.word	1000000
 176 0058 00000000 		.word	CPU_FREQ_Hz
 177 005c D34D6210 		.word	274877907
 178 0060 00000000 		.word	CPU_FREQ_Hz_ms
 179 0064 83DE1B43 		.word	1125899907
 180 0068 00000000 		.word	CPU_FREQ_Hz_us
 181 006c 00000000 		.word	CYCCNT_RountCount
 182              		.cfi_endproc
 183              	.LFE140:
 185              		.section	.text.DWT_GetDeltaT,"ax",%progbits
 186              		.align	1
 187              		.global	DWT_GetDeltaT
 188              		.syntax unified
 189              		.thumb
 190              		.thumb_func
 192              	DWT_GetDeltaT:
 193              	.LVL3:
 194              	.LFB141:
  61:bsp/dwt/bsp_dwt.c **** 
  62:bsp/dwt/bsp_dwt.c **** float DWT_GetDeltaT(uint32_t *cnt_last)
  63:bsp/dwt/bsp_dwt.c **** {
 195              		.loc 1 63 1 is_stmt 1 view -0
 196              		.cfi_startproc
 197              		@ args = 0, pretend = 0, frame = 8
 198              		@ frame_needed = 0, uses_anonymous_args = 0
 199              		.loc 1 63 1 is_stmt 0 view .LVU46
 200 0000 00B5     		push	{lr}
 201              		.cfi_def_cfa_offset 4
 202              		.cfi_offset 14, -4
 203 0002 2DED028B 		vpush.64	{d8}
 204              		.cfi_def_cfa_offset 12
 205              		.cfi_offset 80, -12
 206              		.cfi_offset 81, -8
 207 0006 83B0     		sub	sp, sp, #12
 208              		.cfi_def_cfa_offset 24
  64:bsp/dwt/bsp_dwt.c ****     volatile uint32_t cnt_now = DWT->CYCCNT;
 209              		.loc 1 64 5 is_stmt 1 view .LVU47
 210              		.loc 1 64 36 is_stmt 0 view .LVU48
 211 0008 0D4B     		ldr	r3, .L16
 212 000a 5B68     		ldr	r3, [r3, #4]
 213              		.loc 1 64 23 view .LVU49
 214 000c 0193     		str	r3, [sp, #4]
  65:bsp/dwt/bsp_dwt.c ****     float dt = ((uint32_t)(cnt_now - *cnt_last)) / ((float)(CPU_FREQ_Hz));
 215              		.loc 1 65 5 is_stmt 1 view .LVU50
 216              		.loc 1 65 36 is_stmt 0 view .LVU51
 217 000e 019B     		ldr	r3, [sp, #4]
 218              		.loc 1 65 38 view .LVU52
 219 0010 0268     		ldr	r2, [r0]
 220              		.loc 1 65 36 view .LVU53
 221 0012 9B1A     		subs	r3, r3, r2
 222              		.loc 1 65 50 view .LVU54
 223 0014 07EE903A 		vmov	s15, r3	@ int
 224 0018 F8EE677A 		vcvt.f32.u32	s15, s15
ARM GAS  C:\Users\Sive\AppData\Local\Temp\cc0I2Bib.s 			page 6


 225              		.loc 1 65 53 view .LVU55
 226 001c 094B     		ldr	r3, .L16+4
 227 001e 93ED007A 		vldr.32	s14, [r3]	@ int
 228 0022 B8EE477A 		vcvt.f32.u32	s14, s14
 229              		.loc 1 65 11 view .LVU56
 230 0026 87EE878A 		vdiv.f32	s16, s15, s14
 231              	.LVL4:
  66:bsp/dwt/bsp_dwt.c ****     *cnt_last = cnt_now;
 232              		.loc 1 66 5 is_stmt 1 view .LVU57
 233              		.loc 1 66 15 is_stmt 0 view .LVU58
 234 002a 019B     		ldr	r3, [sp, #4]
 235 002c 0360     		str	r3, [r0]
  67:bsp/dwt/bsp_dwt.c **** 
  68:bsp/dwt/bsp_dwt.c ****     DWT_CNT_Update();
 236              		.loc 1 68 5 is_stmt 1 view .LVU59
 237 002e FFF7FEFF 		bl	DWT_CNT_Update
 238              	.LVL5:
  69:bsp/dwt/bsp_dwt.c **** 
  70:bsp/dwt/bsp_dwt.c ****     return dt;
 239              		.loc 1 70 5 view .LVU60
  71:bsp/dwt/bsp_dwt.c **** }
 240              		.loc 1 71 1 is_stmt 0 view .LVU61
 241 0032 B0EE480A 		vmov.f32	s0, s16
 242 0036 03B0     		add	sp, sp, #12
 243              		.cfi_def_cfa_offset 12
 244              		@ sp needed
 245 0038 BDEC028B 		vldm	sp!, {d8}
 246              		.cfi_restore 80
 247              		.cfi_restore 81
 248              		.cfi_def_cfa_offset 4
 249              	.LVL6:
 250              		.loc 1 71 1 view .LVU62
 251 003c 5DF804FB 		ldr	pc, [sp], #4
 252              	.L17:
 253              		.align	2
 254              	.L16:
 255 0040 001000E0 		.word	-536866816
 256 0044 00000000 		.word	CPU_FREQ_Hz
 257              		.cfi_endproc
 258              	.LFE141:
 260              		.global	__aeabi_ui2d
 261              		.global	__aeabi_ddiv
 262              		.section	.text.DWT_GetDeltaT64,"ax",%progbits
 263              		.align	1
 264              		.global	DWT_GetDeltaT64
 265              		.syntax unified
 266              		.thumb
 267              		.thumb_func
 269              	DWT_GetDeltaT64:
 270              	.LVL7:
 271              	.LFB142:
  72:bsp/dwt/bsp_dwt.c **** 
  73:bsp/dwt/bsp_dwt.c **** double DWT_GetDeltaT64(uint32_t *cnt_last)
  74:bsp/dwt/bsp_dwt.c **** {
 272              		.loc 1 74 1 is_stmt 1 view -0
 273              		.cfi_startproc
 274              		@ args = 0, pretend = 0, frame = 8
ARM GAS  C:\Users\Sive\AppData\Local\Temp\cc0I2Bib.s 			page 7


 275              		@ frame_needed = 0, uses_anonymous_args = 0
 276              		.loc 1 74 1 is_stmt 0 view .LVU64
 277 0000 D0B5     		push	{r4, r6, r7, lr}
 278              		.cfi_def_cfa_offset 16
 279              		.cfi_offset 4, -16
 280              		.cfi_offset 6, -12
 281              		.cfi_offset 7, -8
 282              		.cfi_offset 14, -4
 283 0002 2DED028B 		vpush.64	{d8}
 284              		.cfi_def_cfa_offset 24
 285              		.cfi_offset 80, -24
 286              		.cfi_offset 81, -20
 287 0006 82B0     		sub	sp, sp, #8
 288              		.cfi_def_cfa_offset 32
 289 0008 0446     		mov	r4, r0
  75:bsp/dwt/bsp_dwt.c ****     volatile uint32_t cnt_now = DWT->CYCCNT;
 290              		.loc 1 75 5 is_stmt 1 view .LVU65
 291              		.loc 1 75 36 is_stmt 0 view .LVU66
 292 000a 114B     		ldr	r3, .L20
 293 000c 5B68     		ldr	r3, [r3, #4]
 294              		.loc 1 75 23 view .LVU67
 295 000e 0193     		str	r3, [sp, #4]
  76:bsp/dwt/bsp_dwt.c ****     double dt = ((uint32_t)(cnt_now - *cnt_last)) / ((double)(CPU_FREQ_Hz));
 296              		.loc 1 76 5 is_stmt 1 view .LVU68
 297              		.loc 1 76 37 is_stmt 0 view .LVU69
 298 0010 0198     		ldr	r0, [sp, #4]
 299              	.LVL8:
 300              		.loc 1 76 39 view .LVU70
 301 0012 2368     		ldr	r3, [r4]
 302              		.loc 1 76 51 view .LVU71
 303 0014 C01A     		subs	r0, r0, r3
 304 0016 FFF7FEFF 		bl	__aeabi_ui2d
 305              	.LVL9:
 306 001a 0646     		mov	r6, r0
 307 001c 0F46     		mov	r7, r1
 308              		.loc 1 76 54 view .LVU72
 309 001e 0D4B     		ldr	r3, .L20+4
 310 0020 1868     		ldr	r0, [r3]
 311 0022 FFF7FEFF 		bl	__aeabi_ui2d
 312              	.LVL10:
 313 0026 0246     		mov	r2, r0
 314 0028 0B46     		mov	r3, r1
 315              		.loc 1 76 12 view .LVU73
 316 002a 3046     		mov	r0, r6
 317 002c 3946     		mov	r1, r7
 318 002e FFF7FEFF 		bl	__aeabi_ddiv
 319              	.LVL11:
 320 0032 41EC180B 		vmov	d8, r0, r1
 321              	.LVL12:
  77:bsp/dwt/bsp_dwt.c ****     *cnt_last = cnt_now;
 322              		.loc 1 77 5 is_stmt 1 view .LVU74
 323              		.loc 1 77 15 is_stmt 0 view .LVU75
 324 0036 019B     		ldr	r3, [sp, #4]
 325 0038 2360     		str	r3, [r4]
  78:bsp/dwt/bsp_dwt.c **** 
  79:bsp/dwt/bsp_dwt.c ****     DWT_CNT_Update();
 326              		.loc 1 79 5 is_stmt 1 view .LVU76
ARM GAS  C:\Users\Sive\AppData\Local\Temp\cc0I2Bib.s 			page 8


 327 003a FFF7FEFF 		bl	DWT_CNT_Update
 328              	.LVL13:
  80:bsp/dwt/bsp_dwt.c **** 
  81:bsp/dwt/bsp_dwt.c ****     return dt;
 329              		.loc 1 81 5 view .LVU77
  82:bsp/dwt/bsp_dwt.c **** }
 330              		.loc 1 82 1 is_stmt 0 view .LVU78
 331 003e B0EE480A 		vmov.f32	s0, s16
 332 0042 F0EE680A 		vmov.f32	s1, s17
 333 0046 02B0     		add	sp, sp, #8
 334              		.cfi_def_cfa_offset 24
 335              		@ sp needed
 336 0048 BDEC028B 		vldm	sp!, {d8}
 337              		.cfi_restore 80
 338              		.cfi_restore 81
 339              		.cfi_def_cfa_offset 16
 340              	.LVL14:
 341              		.loc 1 82 1 view .LVU79
 342 004c D0BD     		pop	{r4, r6, r7, pc}
 343              	.LVL15:
 344              	.L21:
 345              		.loc 1 82 1 view .LVU80
 346 004e 00BF     		.align	2
 347              	.L20:
 348 0050 001000E0 		.word	-536866816
 349 0054 00000000 		.word	CPU_FREQ_Hz
 350              		.cfi_endproc
 351              	.LFE142:
 353              		.global	__aeabi_uldivmod
 354              		.section	.text.DWT_SysTimeUpdate,"ax",%progbits
 355              		.align	1
 356              		.global	DWT_SysTimeUpdate
 357              		.syntax unified
 358              		.thumb
 359              		.thumb_func
 361              	DWT_SysTimeUpdate:
 362              	.LFB143:
  83:bsp/dwt/bsp_dwt.c **** 
  84:bsp/dwt/bsp_dwt.c **** void DWT_SysTimeUpdate(void)
  85:bsp/dwt/bsp_dwt.c **** {
 363              		.loc 1 85 1 is_stmt 1 view -0
 364              		.cfi_startproc
 365              		@ args = 0, pretend = 0, frame = 8
 366              		@ frame_needed = 0, uses_anonymous_args = 0
 367 0000 2DE9F041 		push	{r4, r5, r6, r7, r8, lr}
 368              		.cfi_def_cfa_offset 24
 369              		.cfi_offset 4, -24
 370              		.cfi_offset 5, -20
 371              		.cfi_offset 6, -16
 372              		.cfi_offset 7, -12
 373              		.cfi_offset 8, -8
 374              		.cfi_offset 14, -4
 375 0004 82B0     		sub	sp, sp, #8
 376              		.cfi_def_cfa_offset 32
  86:bsp/dwt/bsp_dwt.c ****     volatile uint32_t cnt_now = DWT->CYCCNT;
 377              		.loc 1 86 5 view .LVU82
 378              		.loc 1 86 36 is_stmt 0 view .LVU83
ARM GAS  C:\Users\Sive\AppData\Local\Temp\cc0I2Bib.s 			page 9


 379 0006 294B     		ldr	r3, .L24
 380 0008 5B68     		ldr	r3, [r3, #4]
 381              		.loc 1 86 23 view .LVU84
 382 000a 0193     		str	r3, [sp, #4]
  87:bsp/dwt/bsp_dwt.c ****     static uint64_t CNT_TEMP1, CNT_TEMP2, CNT_TEMP3;
 383              		.loc 1 87 5 is_stmt 1 view .LVU85
  88:bsp/dwt/bsp_dwt.c **** 
  89:bsp/dwt/bsp_dwt.c ****     DWT_CNT_Update();
 384              		.loc 1 89 5 view .LVU86
 385 000c FFF7FEFF 		bl	DWT_CNT_Update
 386              	.LVL16:
  90:bsp/dwt/bsp_dwt.c **** 
  91:bsp/dwt/bsp_dwt.c ****     CYCCNT64 = (uint64_t)CYCCNT_RountCount * (uint64_t)UINT32_MAX + (uint64_t)cnt_now;
 387              		.loc 1 91 5 view .LVU87
 388              		.loc 1 91 16 is_stmt 0 view .LVU88
 389 0010 274B     		ldr	r3, .L24+4
 390 0012 1C68     		ldr	r4, [r3]
 391 0014 0026     		movs	r6, #0
 392              		.loc 1 91 44 view .LVU89
 393 0016 6508     		lsrs	r5, r4, #1
 394 0018 E307     		lsls	r3, r4, #31
 395 001a 1B1B     		subs	r3, r3, r4
 396 001c 65F10005 		sbc	r5, r5, #0
 397 0020 DB18     		adds	r3, r3, r3
 398 0022 6D41     		adcs	r5, r5, r5
 399 0024 1C19     		adds	r4, r3, r4
 400 0026 45F10005 		adc	r5, r5, #0
 401              		.loc 1 91 69 view .LVU90
 402 002a 019B     		ldr	r3, [sp, #4]
 403              		.loc 1 91 67 view .LVU91
 404 002c E418     		adds	r4, r4, r3
 405 002e 45F10005 		adc	r5, r5, #0
 406              		.loc 1 91 14 view .LVU92
 407 0032 204B     		ldr	r3, .L24+8
 408 0034 1C60     		str	r4, [r3]
 409 0036 5D60     		str	r5, [r3, #4]
  92:bsp/dwt/bsp_dwt.c ****     CNT_TEMP1 = CYCCNT64 / CPU_FREQ_Hz;
 410              		.loc 1 92 5 is_stmt 1 view .LVU93
 411              		.loc 1 92 26 is_stmt 0 view .LVU94
 412 0038 1F4B     		ldr	r3, .L24+12
 413 003a D3F80080 		ldr	r8, [r3]
 414 003e 4246     		mov	r2, r8
 415 0040 3346     		mov	r3, r6
 416 0042 2046     		mov	r0, r4
 417 0044 2946     		mov	r1, r5
 418 0046 FFF7FEFF 		bl	__aeabi_uldivmod
 419              	.LVL17:
 420 004a 0746     		mov	r7, r0
 421              		.loc 1 92 15 view .LVU95
 422 004c 1B4B     		ldr	r3, .L24+16
 423 004e 1860     		str	r0, [r3]
 424 0050 5960     		str	r1, [r3, #4]
  93:bsp/dwt/bsp_dwt.c ****     CNT_TEMP2 = CYCCNT64 - CNT_TEMP1 * CPU_FREQ_Hz;
 425              		.loc 1 93 5 is_stmt 1 view .LVU96
 426 0052 4246     		mov	r2, r8
 427 0054 3346     		mov	r3, r6
 428 0056 2046     		mov	r0, r4
ARM GAS  C:\Users\Sive\AppData\Local\Temp\cc0I2Bib.s 			page 10


 429 0058 2946     		mov	r1, r5
 430 005a FFF7FEFF 		bl	__aeabi_uldivmod
 431              	.LVL18:
 432 005e 1046     		mov	r0, r2
 433 0060 1C46     		mov	r4, r3
 434 0062 1546     		mov	r5, r2
 435              		.loc 1 93 15 is_stmt 0 view .LVU97
 436 0064 164B     		ldr	r3, .L24+20
 437 0066 1A60     		str	r2, [r3]
 438 0068 5C60     		str	r4, [r3, #4]
  94:bsp/dwt/bsp_dwt.c ****     SysTime.s = CNT_TEMP1;
 439              		.loc 1 94 5 is_stmt 1 view .LVU98
 440              		.loc 1 94 15 is_stmt 0 view .LVU99
 441 006a DFF86480 		ldr	r8, .L24+36
 442 006e C8F80070 		str	r7, [r8]
  95:bsp/dwt/bsp_dwt.c ****     SysTime.ms = CNT_TEMP2 / CPU_FREQ_Hz_ms;
 443              		.loc 1 95 5 is_stmt 1 view .LVU100
 444              		.loc 1 95 28 is_stmt 0 view .LVU101
 445 0072 144B     		ldr	r3, .L24+24
 446 0074 1F68     		ldr	r7, [r3]
 447 0076 3A46     		mov	r2, r7
 448 0078 3346     		mov	r3, r6
 449 007a 2146     		mov	r1, r4
 450 007c FFF7FEFF 		bl	__aeabi_uldivmod
 451              	.LVL19:
 452              		.loc 1 95 16 view .LVU102
 453 0080 80B2     		uxth	r0, r0
 454 0082 A8F80400 		strh	r0, [r8, #4]	@ movhi
  96:bsp/dwt/bsp_dwt.c ****     CNT_TEMP3 = CNT_TEMP2 - SysTime.ms * CPU_FREQ_Hz_ms;
 455              		.loc 1 96 5 is_stmt 1 view .LVU103
 456              		.loc 1 96 40 is_stmt 0 view .LVU104
 457 0086 00FB07F7 		mul	r7, r0, r7
 458              		.loc 1 96 27 view .LVU105
 459 008a E81B     		subs	r0, r5, r7
 460 008c 64F10001 		sbc	r1, r4, #0
 461              		.loc 1 96 15 view .LVU106
 462 0090 0D4B     		ldr	r3, .L24+28
 463 0092 1860     		str	r0, [r3]
 464 0094 5960     		str	r1, [r3, #4]
  97:bsp/dwt/bsp_dwt.c ****     SysTime.us = CNT_TEMP3 / CPU_FREQ_Hz_us;
 465              		.loc 1 97 5 is_stmt 1 view .LVU107
 466              		.loc 1 97 28 is_stmt 0 view .LVU108
 467 0096 0D4B     		ldr	r3, .L24+32
 468 0098 1A68     		ldr	r2, [r3]
 469 009a 3346     		mov	r3, r6
 470 009c FFF7FEFF 		bl	__aeabi_uldivmod
 471              	.LVL20:
 472              		.loc 1 97 16 view .LVU109
 473 00a0 A8F80600 		strh	r0, [r8, #6]	@ movhi
  98:bsp/dwt/bsp_dwt.c **** }
 474              		.loc 1 98 1 view .LVU110
 475 00a4 02B0     		add	sp, sp, #8
 476              		.cfi_def_cfa_offset 24
 477              		@ sp needed
 478 00a6 BDE8F081 		pop	{r4, r5, r6, r7, r8, pc}
 479              	.L25:
 480 00aa 00BF     		.align	2
ARM GAS  C:\Users\Sive\AppData\Local\Temp\cc0I2Bib.s 			page 11


 481              	.L24:
 482 00ac 001000E0 		.word	-536866816
 483 00b0 00000000 		.word	CYCCNT_RountCount
 484 00b4 00000000 		.word	CYCCNT64
 485 00b8 00000000 		.word	CPU_FREQ_Hz
 486 00bc 00000000 		.word	CNT_TEMP1.2
 487 00c0 00000000 		.word	CNT_TEMP2.1
 488 00c4 00000000 		.word	CPU_FREQ_Hz_ms
 489 00c8 00000000 		.word	CNT_TEMP3.0
 490 00cc 00000000 		.word	CPU_FREQ_Hz_us
 491 00d0 00000000 		.word	SysTime
 492              		.cfi_endproc
 493              	.LFE143:
 495              		.section	.text.DWT_GetTimeline_s,"ax",%progbits
 496              		.align	1
 497              		.global	DWT_GetTimeline_s
 498              		.syntax unified
 499              		.thumb
 500              		.thumb_func
 502              	DWT_GetTimeline_s:
 503              	.LFB144:
  99:bsp/dwt/bsp_dwt.c **** 
 100:bsp/dwt/bsp_dwt.c **** float DWT_GetTimeline_s(void)
 101:bsp/dwt/bsp_dwt.c **** {
 504              		.loc 1 101 1 is_stmt 1 view -0
 505              		.cfi_startproc
 506              		@ args = 0, pretend = 0, frame = 0
 507              		@ frame_needed = 0, uses_anonymous_args = 0
 508 0000 08B5     		push	{r3, lr}
 509              		.cfi_def_cfa_offset 8
 510              		.cfi_offset 3, -8
 511              		.cfi_offset 14, -4
 102:bsp/dwt/bsp_dwt.c ****     DWT_SysTimeUpdate();
 512              		.loc 1 102 5 view .LVU112
 513 0002 FFF7FEFF 		bl	DWT_SysTimeUpdate
 514              	.LVL21:
 103:bsp/dwt/bsp_dwt.c **** 
 104:bsp/dwt/bsp_dwt.c ****     float DWT_Timelinef32 = SysTime.s + SysTime.ms * 0.001f + SysTime.us * 0.000001f;
 515              		.loc 1 104 5 view .LVU113
 516              		.loc 1 104 36 is_stmt 0 view .LVU114
 517 0006 0E4B     		ldr	r3, .L28
 518              		.loc 1 104 48 view .LVU115
 519 0008 9A88     		ldrh	r2, [r3, #4]
 520 000a 07EE902A 		vmov	s15, r2	@ int
 521              		.loc 1 104 52 view .LVU116
 522 000e F8EEE77A 		vcvt.f32.s32	s15, s15
 523 0012 9FED0C7A 		vldr.32	s14, .L28+4
 524 0016 67EE877A 		vmul.f32	s15, s15, s14
 525              		.loc 1 104 39 view .LVU117
 526 001a 93ED007A 		vldr.32	s14, [r3]	@ int
 527 001e B8EE470A 		vcvt.f32.u32	s0, s14
 528 0022 30EE270A 		vadd.f32	s0, s0, s15
 529              		.loc 1 104 70 view .LVU118
 530 0026 DB88     		ldrh	r3, [r3, #6]
 531 0028 07EE903A 		vmov	s15, r3	@ int
 532              		.loc 1 104 74 view .LVU119
 533 002c F8EEE77A 		vcvt.f32.s32	s15, s15
ARM GAS  C:\Users\Sive\AppData\Local\Temp\cc0I2Bib.s 			page 12


 534 0030 9FED057A 		vldr.32	s14, .L28+8
 535 0034 67EE877A 		vmul.f32	s15, s15, s14
 536              	.LVL22:
 105:bsp/dwt/bsp_dwt.c **** 
 106:bsp/dwt/bsp_dwt.c ****     return DWT_Timelinef32;
 537              		.loc 1 106 5 is_stmt 1 view .LVU120
 107:bsp/dwt/bsp_dwt.c **** }
 538              		.loc 1 107 1 is_stmt 0 view .LVU121
 539 0038 30EE270A 		vadd.f32	s0, s0, s15
 540              	.LVL23:
 541              		.loc 1 107 1 view .LVU122
 542 003c 08BD     		pop	{r3, pc}
 543              	.L29:
 544 003e 00BF     		.align	2
 545              	.L28:
 546 0040 00000000 		.word	SysTime
 547 0044 6F12833A 		.word	981668463
 548 0048 BD378635 		.word	897988541
 549              		.cfi_endproc
 550              	.LFE144:
 552              		.section	.text.DWT_GetTimeline_ms,"ax",%progbits
 553              		.align	1
 554              		.global	DWT_GetTimeline_ms
 555              		.syntax unified
 556              		.thumb
 557              		.thumb_func
 559              	DWT_GetTimeline_ms:
 560              	.LFB145:
 108:bsp/dwt/bsp_dwt.c **** 
 109:bsp/dwt/bsp_dwt.c **** float DWT_GetTimeline_ms(void)
 110:bsp/dwt/bsp_dwt.c **** {
 561              		.loc 1 110 1 is_stmt 1 view -0
 562              		.cfi_startproc
 563              		@ args = 0, pretend = 0, frame = 0
 564              		@ frame_needed = 0, uses_anonymous_args = 0
 565 0000 08B5     		push	{r3, lr}
 566              		.cfi_def_cfa_offset 8
 567              		.cfi_offset 3, -8
 568              		.cfi_offset 14, -4
 111:bsp/dwt/bsp_dwt.c ****     DWT_SysTimeUpdate();
 569              		.loc 1 111 5 view .LVU124
 570 0002 FFF7FEFF 		bl	DWT_SysTimeUpdate
 571              	.LVL24:
 112:bsp/dwt/bsp_dwt.c **** 
 113:bsp/dwt/bsp_dwt.c ****     float DWT_Timelinef32 = SysTime.s * 1000 + SysTime.ms + SysTime.us * 0.001f;
 572              		.loc 1 113 5 view .LVU125
 573              		.loc 1 113 36 is_stmt 0 view .LVU126
 574 0006 0B4A     		ldr	r2, .L32
 575 0008 1168     		ldr	r1, [r2]
 576              		.loc 1 113 55 view .LVU127
 577 000a 9388     		ldrh	r3, [r2, #4]
 578              		.loc 1 113 46 view .LVU128
 579 000c 4FF47A70 		mov	r0, #1000
 580 0010 00FB0133 		mla	r3, r0, r1, r3
 581 0014 00EE103A 		vmov	s0, r3	@ int
 582              		.loc 1 113 59 view .LVU129
 583 0018 B8EE400A 		vcvt.f32.u32	s0, s0
ARM GAS  C:\Users\Sive\AppData\Local\Temp\cc0I2Bib.s 			page 13


 584              		.loc 1 113 68 view .LVU130
 585 001c D388     		ldrh	r3, [r2, #6]
 586 001e 07EE903A 		vmov	s15, r3	@ int
 587              		.loc 1 113 72 view .LVU131
 588 0022 F8EEE77A 		vcvt.f32.s32	s15, s15
 589 0026 9FED047A 		vldr.32	s14, .L32+4
 590 002a 67EE877A 		vmul.f32	s15, s15, s14
 591              	.LVL25:
 114:bsp/dwt/bsp_dwt.c **** 
 115:bsp/dwt/bsp_dwt.c ****     return DWT_Timelinef32;
 592              		.loc 1 115 5 is_stmt 1 view .LVU132
 116:bsp/dwt/bsp_dwt.c **** }
 593              		.loc 1 116 1 is_stmt 0 view .LVU133
 594 002e 30EE270A 		vadd.f32	s0, s0, s15
 595              	.LVL26:
 596              		.loc 1 116 1 view .LVU134
 597 0032 08BD     		pop	{r3, pc}
 598              	.L33:
 599              		.align	2
 600              	.L32:
 601 0034 00000000 		.word	SysTime
 602 0038 6F12833A 		.word	981668463
 603              		.cfi_endproc
 604              	.LFE145:
 606              		.section	.text.DWT_GetTimeline_us,"ax",%progbits
 607              		.align	1
 608              		.global	DWT_GetTimeline_us
 609              		.syntax unified
 610              		.thumb
 611              		.thumb_func
 613              	DWT_GetTimeline_us:
 614              	.LFB146:
 117:bsp/dwt/bsp_dwt.c **** 
 118:bsp/dwt/bsp_dwt.c **** uint64_t DWT_GetTimeline_us(void)
 119:bsp/dwt/bsp_dwt.c **** {
 615              		.loc 1 119 1 is_stmt 1 view -0
 616              		.cfi_startproc
 617              		@ args = 0, pretend = 0, frame = 0
 618              		@ frame_needed = 0, uses_anonymous_args = 0
 619 0000 08B5     		push	{r3, lr}
 620              		.cfi_def_cfa_offset 8
 621              		.cfi_offset 3, -8
 622              		.cfi_offset 14, -4
 120:bsp/dwt/bsp_dwt.c ****     DWT_SysTimeUpdate();
 623              		.loc 1 120 5 view .LVU136
 624 0002 FFF7FEFF 		bl	DWT_SysTimeUpdate
 625              	.LVL27:
 121:bsp/dwt/bsp_dwt.c **** 
 122:bsp/dwt/bsp_dwt.c ****     uint64_t DWT_Timelinef32 = SysTime.s * 1000000 + SysTime.ms * 1000 + SysTime.us;
 626              		.loc 1 122 5 view .LVU137
 627              		.loc 1 122 39 is_stmt 0 view .LVU138
 628 0006 074A     		ldr	r2, .L36
 629 0008 1168     		ldr	r1, [r2]
 630              		.loc 1 122 61 view .LVU139
 631 000a 9388     		ldrh	r3, [r2, #4]
 632              		.loc 1 122 65 view .LVU140
 633 000c 4FF47A70 		mov	r0, #1000
ARM GAS  C:\Users\Sive\AppData\Local\Temp\cc0I2Bib.s 			page 14


 634 0010 00FB03F3 		mul	r3, r0, r3
 635              		.loc 1 122 52 view .LVU141
 636 0014 0448     		ldr	r0, .L36+4
 637 0016 00FB0133 		mla	r3, r0, r1, r3
 638              		.loc 1 122 81 view .LVU142
 639 001a D088     		ldrh	r0, [r2, #6]
 640              	.LVL28:
 123:bsp/dwt/bsp_dwt.c **** 
 124:bsp/dwt/bsp_dwt.c ****     return DWT_Timelinef32;
 641              		.loc 1 124 5 is_stmt 1 view .LVU143
 125:bsp/dwt/bsp_dwt.c **** }
 642              		.loc 1 125 1 is_stmt 0 view .LVU144
 643 001c 1844     		add	r0, r0, r3
 644              	.LVL29:
 645              		.loc 1 125 1 view .LVU145
 646 001e 0021     		movs	r1, #0
 647 0020 08BD     		pop	{r3, pc}
 648              	.L37:
 649 0022 00BF     		.align	2
 650              	.L36:
 651 0024 00000000 		.word	SysTime
 652 0028 40420F00 		.word	1000000
 653              		.cfi_endproc
 654              	.LFE146:
 656              		.section	.text.DWT_Delay,"ax",%progbits
 657              		.align	1
 658              		.global	DWT_Delay
 659              		.syntax unified
 660              		.thumb
 661              		.thumb_func
 663              	DWT_Delay:
 664              	.LVL30:
 665              	.LFB147:
 126:bsp/dwt/bsp_dwt.c **** 
 127:bsp/dwt/bsp_dwt.c **** void DWT_Delay(float Delay)
 128:bsp/dwt/bsp_dwt.c **** {
 666              		.loc 1 128 1 is_stmt 1 view -0
 667              		.cfi_startproc
 668              		@ args = 0, pretend = 0, frame = 0
 669              		@ frame_needed = 0, uses_anonymous_args = 0
 670              		@ link register save eliminated.
 129:bsp/dwt/bsp_dwt.c ****     uint32_t tickstart = DWT->CYCCNT;
 671              		.loc 1 129 5 view .LVU147
 672              		.loc 1 129 14 is_stmt 0 view .LVU148
 673 0000 0A4B     		ldr	r3, .L40
 674 0002 5968     		ldr	r1, [r3, #4]
 675              	.LVL31:
 130:bsp/dwt/bsp_dwt.c ****     float wait = Delay;
 676              		.loc 1 130 5 is_stmt 1 view .LVU149
 131:bsp/dwt/bsp_dwt.c **** 
 132:bsp/dwt/bsp_dwt.c ****     while ((DWT->CYCCNT - tickstart) < wait * (float)CPU_FREQ_Hz)
 677              		.loc 1 132 5 view .LVU150
 678              	.L39:
 679              		.loc 1 132 38 discriminator 1 view .LVU151
 680              		.loc 1 132 16 is_stmt 0 discriminator 1 view .LVU152
 681 0004 094B     		ldr	r3, .L40
 682 0006 5B68     		ldr	r3, [r3, #4]
ARM GAS  C:\Users\Sive\AppData\Local\Temp\cc0I2Bib.s 			page 15


 683              		.loc 1 132 25 discriminator 1 view .LVU153
 684 0008 5B1A     		subs	r3, r3, r1
 685              		.loc 1 132 47 discriminator 1 view .LVU154
 686 000a 094A     		ldr	r2, .L40+4
 687 000c D2ED007A 		vldr.32	s15, [r2]	@ int
 688 0010 F8EE677A 		vcvt.f32.u32	s15, s15
 689              		.loc 1 132 45 discriminator 1 view .LVU155
 690 0014 67EE807A 		vmul.f32	s15, s15, s0
 691              		.loc 1 132 38 discriminator 1 view .LVU156
 692 0018 07EE103A 		vmov	s14, r3	@ int
 693 001c B8EE477A 		vcvt.f32.u32	s14, s14
 694 0020 B4EEE77A 		vcmpe.f32	s14, s15
 695 0024 F1EE10FA 		vmrs	APSR_nzcv, FPSCR
 696 0028 ECD4     		bmi	.L39
 133:bsp/dwt/bsp_dwt.c ****         ;
 134:bsp/dwt/bsp_dwt.c **** }
 697              		.loc 1 134 1 view .LVU157
 698 002a 7047     		bx	lr
 699              	.L41:
 700              		.align	2
 701              	.L40:
 702 002c 001000E0 		.word	-536866816
 703 0030 00000000 		.word	CPU_FREQ_Hz
 704              		.cfi_endproc
 705              	.LFE147:
 707              		.section	.bss.CNT_TEMP3.0,"aw",%nobits
 708              		.align	3
 711              	CNT_TEMP3.0:
 712 0000 00000000 		.space	8
 712      00000000 
 713              		.section	.bss.CNT_TEMP2.1,"aw",%nobits
 714              		.align	3
 717              	CNT_TEMP2.1:
 718 0000 00000000 		.space	8
 718      00000000 
 719              		.section	.bss.CNT_TEMP1.2,"aw",%nobits
 720              		.align	3
 723              	CNT_TEMP1.2:
 724 0000 00000000 		.space	8
 724      00000000 
 725              		.section	.bss.bit_locker.3,"aw",%nobits
 728              	bit_locker.3:
 729 0000 00       		.space	1
 730              		.section	.bss.CYCCNT64,"aw",%nobits
 731              		.align	3
 734              	CYCCNT64:
 735 0000 00000000 		.space	8
 735      00000000 
 736              		.section	.bss.CYCCNT_LAST,"aw",%nobits
 737              		.align	2
 740              	CYCCNT_LAST:
 741 0000 00000000 		.space	4
 742              		.section	.bss.CYCCNT_RountCount,"aw",%nobits
 743              		.align	2
 746              	CYCCNT_RountCount:
 747 0000 00000000 		.space	4
 748              		.section	.bss.CPU_FREQ_Hz_us,"aw",%nobits
ARM GAS  C:\Users\Sive\AppData\Local\Temp\cc0I2Bib.s 			page 16


 749              		.align	2
 752              	CPU_FREQ_Hz_us:
 753 0000 00000000 		.space	4
 754              		.section	.bss.CPU_FREQ_Hz_ms,"aw",%nobits
 755              		.align	2
 758              	CPU_FREQ_Hz_ms:
 759 0000 00000000 		.space	4
 760              		.section	.bss.CPU_FREQ_Hz,"aw",%nobits
 761              		.align	2
 764              	CPU_FREQ_Hz:
 765 0000 00000000 		.space	4
 766              		.section	.bss.SysTime,"aw",%nobits
 767              		.align	2
 770              	SysTime:
 771 0000 00000000 		.space	8
 771      00000000 
 772              		.text
 773              	.Letext0:
 774              		.file 2 "C:/Users/Sive/AppData/Roaming/Code/User/globalStorage/bmd.stm32-for-vscode/@xpack-dev-too
 775              		.file 3 "C:/Users/Sive/AppData/Roaming/Code/User/globalStorage/bmd.stm32-for-vscode/@xpack-dev-too
 776              		.file 4 "Drivers/CMSIS/Include/core_cm4.h"
 777              		.file 5 "bsp/dwt/bsp_dwt.h"
ARM GAS  C:\Users\Sive\AppData\Local\Temp\cc0I2Bib.s 			page 17


DEFINED SYMBOLS
                            *ABS*:00000000 bsp_dwt.c
C:\Users\Sive\AppData\Local\Temp\cc0I2Bib.s:21     .text.DWT_CNT_Update:00000000 $t
C:\Users\Sive\AppData\Local\Temp\cc0I2Bib.s:26     .text.DWT_CNT_Update:00000000 DWT_CNT_Update
C:\Users\Sive\AppData\Local\Temp\cc0I2Bib.s:93     .text.DWT_CNT_Update:0000003c $d
C:\Users\Sive\AppData\Local\Temp\cc0I2Bib.s:728    .bss.bit_locker.3:00000000 bit_locker.3
C:\Users\Sive\AppData\Local\Temp\cc0I2Bib.s:740    .bss.CYCCNT_LAST:00000000 CYCCNT_LAST
C:\Users\Sive\AppData\Local\Temp\cc0I2Bib.s:746    .bss.CYCCNT_RountCount:00000000 CYCCNT_RountCount
C:\Users\Sive\AppData\Local\Temp\cc0I2Bib.s:101    .text.DWT_Init:00000000 $t
C:\Users\Sive\AppData\Local\Temp\cc0I2Bib.s:107    .text.DWT_Init:00000000 DWT_Init
C:\Users\Sive\AppData\Local\Temp\cc0I2Bib.s:173    .text.DWT_Init:0000004c $d
C:\Users\Sive\AppData\Local\Temp\cc0I2Bib.s:764    .bss.CPU_FREQ_Hz:00000000 CPU_FREQ_Hz
C:\Users\Sive\AppData\Local\Temp\cc0I2Bib.s:758    .bss.CPU_FREQ_Hz_ms:00000000 CPU_FREQ_Hz_ms
C:\Users\Sive\AppData\Local\Temp\cc0I2Bib.s:752    .bss.CPU_FREQ_Hz_us:00000000 CPU_FREQ_Hz_us
C:\Users\Sive\AppData\Local\Temp\cc0I2Bib.s:186    .text.DWT_GetDeltaT:00000000 $t
C:\Users\Sive\AppData\Local\Temp\cc0I2Bib.s:192    .text.DWT_GetDeltaT:00000000 DWT_GetDeltaT
C:\Users\Sive\AppData\Local\Temp\cc0I2Bib.s:255    .text.DWT_GetDeltaT:00000040 $d
C:\Users\Sive\AppData\Local\Temp\cc0I2Bib.s:263    .text.DWT_GetDeltaT64:00000000 $t
C:\Users\Sive\AppData\Local\Temp\cc0I2Bib.s:269    .text.DWT_GetDeltaT64:00000000 DWT_GetDeltaT64
C:\Users\Sive\AppData\Local\Temp\cc0I2Bib.s:348    .text.DWT_GetDeltaT64:00000050 $d
C:\Users\Sive\AppData\Local\Temp\cc0I2Bib.s:355    .text.DWT_SysTimeUpdate:00000000 $t
C:\Users\Sive\AppData\Local\Temp\cc0I2Bib.s:361    .text.DWT_SysTimeUpdate:00000000 DWT_SysTimeUpdate
C:\Users\Sive\AppData\Local\Temp\cc0I2Bib.s:482    .text.DWT_SysTimeUpdate:000000ac $d
C:\Users\Sive\AppData\Local\Temp\cc0I2Bib.s:734    .bss.CYCCNT64:00000000 CYCCNT64
C:\Users\Sive\AppData\Local\Temp\cc0I2Bib.s:723    .bss.CNT_TEMP1.2:00000000 CNT_TEMP1.2
C:\Users\Sive\AppData\Local\Temp\cc0I2Bib.s:717    .bss.CNT_TEMP2.1:00000000 CNT_TEMP2.1
C:\Users\Sive\AppData\Local\Temp\cc0I2Bib.s:711    .bss.CNT_TEMP3.0:00000000 CNT_TEMP3.0
C:\Users\Sive\AppData\Local\Temp\cc0I2Bib.s:770    .bss.SysTime:00000000 SysTime
C:\Users\Sive\AppData\Local\Temp\cc0I2Bib.s:496    .text.DWT_GetTimeline_s:00000000 $t
C:\Users\Sive\AppData\Local\Temp\cc0I2Bib.s:502    .text.DWT_GetTimeline_s:00000000 DWT_GetTimeline_s
C:\Users\Sive\AppData\Local\Temp\cc0I2Bib.s:546    .text.DWT_GetTimeline_s:00000040 $d
C:\Users\Sive\AppData\Local\Temp\cc0I2Bib.s:553    .text.DWT_GetTimeline_ms:00000000 $t
C:\Users\Sive\AppData\Local\Temp\cc0I2Bib.s:559    .text.DWT_GetTimeline_ms:00000000 DWT_GetTimeline_ms
C:\Users\Sive\AppData\Local\Temp\cc0I2Bib.s:601    .text.DWT_GetTimeline_ms:00000034 $d
C:\Users\Sive\AppData\Local\Temp\cc0I2Bib.s:607    .text.DWT_GetTimeline_us:00000000 $t
C:\Users\Sive\AppData\Local\Temp\cc0I2Bib.s:613    .text.DWT_GetTimeline_us:00000000 DWT_GetTimeline_us
C:\Users\Sive\AppData\Local\Temp\cc0I2Bib.s:651    .text.DWT_GetTimeline_us:00000024 $d
C:\Users\Sive\AppData\Local\Temp\cc0I2Bib.s:657    .text.DWT_Delay:00000000 $t
C:\Users\Sive\AppData\Local\Temp\cc0I2Bib.s:663    .text.DWT_Delay:00000000 DWT_Delay
C:\Users\Sive\AppData\Local\Temp\cc0I2Bib.s:702    .text.DWT_Delay:0000002c $d
C:\Users\Sive\AppData\Local\Temp\cc0I2Bib.s:708    .bss.CNT_TEMP3.0:00000000 $d
C:\Users\Sive\AppData\Local\Temp\cc0I2Bib.s:714    .bss.CNT_TEMP2.1:00000000 $d
C:\Users\Sive\AppData\Local\Temp\cc0I2Bib.s:720    .bss.CNT_TEMP1.2:00000000 $d
C:\Users\Sive\AppData\Local\Temp\cc0I2Bib.s:729    .bss.bit_locker.3:00000000 $d
C:\Users\Sive\AppData\Local\Temp\cc0I2Bib.s:731    .bss.CYCCNT64:00000000 $d
C:\Users\Sive\AppData\Local\Temp\cc0I2Bib.s:737    .bss.CYCCNT_LAST:00000000 $d
C:\Users\Sive\AppData\Local\Temp\cc0I2Bib.s:743    .bss.CYCCNT_RountCount:00000000 $d
C:\Users\Sive\AppData\Local\Temp\cc0I2Bib.s:749    .bss.CPU_FREQ_Hz_us:00000000 $d
C:\Users\Sive\AppData\Local\Temp\cc0I2Bib.s:755    .bss.CPU_FREQ_Hz_ms:00000000 $d
C:\Users\Sive\AppData\Local\Temp\cc0I2Bib.s:761    .bss.CPU_FREQ_Hz:00000000 $d
C:\Users\Sive\AppData\Local\Temp\cc0I2Bib.s:767    .bss.SysTime:00000000 $d

UNDEFINED SYMBOLS
__aeabi_ui2d
__aeabi_ddiv
__aeabi_uldivmod
