ARM GAS  C:\Users\Sive\AppData\Local\Temp\ccqILFqK.s 			page 1


   1              		.cpu cortex-m4
   2              		.arch armv7e-m
   3              		.fpu fpv4-sp-d16
   4              		.eabi_attribute 27, 1
   5              		.eabi_attribute 28, 1
   6              		.eabi_attribute 20, 1
   7              		.eabi_attribute 21, 1
   8              		.eabi_attribute 23, 3
   9              		.eabi_attribute 24, 1
  10              		.eabi_attribute 25, 1
  11              		.eabi_attribute 26, 1
  12              		.eabi_attribute 30, 1
  13              		.eabi_attribute 34, 1
  14              		.eabi_attribute 18, 4
  15              		.file	"motor_task.c"
  16              		.text
  17              	.Ltext0:
  18              		.cfi_sections	.debug_frame
  19              		.file 1 "moudels/motor/motor_task.c"
  20              		.section	.text.MotorControlTask,"ax",%progbits
  21              		.align	1
  22              		.global	MotorControlTask
  23              		.syntax unified
  24              		.thumb
  25              		.thumb_func
  27              	MotorControlTask:
  28              	.LFB134:
   1:moudels/motor/motor_task.c **** #include "motor_task.h"
   2:moudels/motor/motor_task.c **** // #include "LK9025.h"
   3:moudels/motor/motor_task.c **** // #include "HT04.h"
   4:moudels/motor/motor_task.c **** #include "dji_motor.h"
   5:moudels/motor/motor_task.c **** // #include "step_motor.h"
   6:moudels/motor/motor_task.c **** // #include "servo_motor.h"
   7:moudels/motor/motor_task.c **** #include"MImotor.h"
   8:moudels/motor/motor_task.c **** 
   9:moudels/motor/motor_task.c **** void MotorControlTask()
  10:moudels/motor/motor_task.c **** {
  29              		.loc 1 10 1 view -0
  30              		.cfi_startproc
  31              		@ args = 0, pretend = 0, frame = 0
  32              		@ frame_needed = 0, uses_anonymous_args = 0
  33 0000 08B5     		push	{r3, lr}
  34              		.cfi_def_cfa_offset 8
  35              		.cfi_offset 3, -8
  36              		.cfi_offset 14, -4
  11:moudels/motor/motor_task.c ****     // static uint8_t cnt = 0; è®¾å®šä¸åŒç”µæœºçš„ä»»åŠ¡é¢‘ç‡
  12:moudels/motor/motor_task.c ****     // if(cnt%5==0) //200hz
  13:moudels/motor/motor_task.c ****     // if(cnt%10==0) //100hz
  14:moudels/motor/motor_task.c ****     DJIMotorControl();
  37              		.loc 1 14 5 view .LVU1
  38 0002 FFF7FEFF 		bl	DJIMotorControl
  39              	.LVL0:
  15:moudels/motor/motor_task.c ****     MIMotorControl();
  40              		.loc 1 15 5 view .LVU2
  41 0006 FFF7FEFF 		bl	MIMotorControl
  42              	.LVL1:
  16:moudels/motor/motor_task.c ****     /* å¦‚æœæœ‰å¯¹åº”çš„ç”µæœºåˆ™å–æ¶ˆæ³¨é‡Š,å¯ä»¥åŠ å…¥æ¡ä»¶ç¼–è¯‘æˆ–è€…registerå¯¹åº”çš„idxåˆ
ARM GAS  C:\Users\Sive\AppData\Local\Temp\ccqILFqK.s 			page 2


  17:moudels/motor/motor_task.c ****     // LKMotorControl();
  18:moudels/motor/motor_task.c **** 
  19:moudels/motor/motor_task.c ****     // legacy support
  20:moudels/motor/motor_task.c ****     // ç”±äºht04ç”µæœºçš„åé¦ˆæ–¹å¼ä¸ºæ¥æ”¶åˆ°ä¸€å¸§æ¶ˆæ¯åç«‹åˆ»å›ä¼ ,ä»¥æ­¤æ–¹å¼è¿ç»­å‘
  21:moudels/motor/motor_task.c ****     // ä¸ºäº†ä¿è¯é«˜é¢‘ç‡æ§åˆ¶,HTMotorä¸­æä¾›äº†ä»¥ä»»åŠ¡æ–¹å¼å¯åŠ¨æ§åˆ¶çš„æ¥å£,å¯é€šè¿
  22:moudels/motor/motor_task.c ****     // HTMotorControl();
  23:moudels/motor/motor_task.c ****     // å°†æ‰€æœ‰çš„CANè®¾å¤‡é›†ä¸­åœ¨ä¸€å¤„å‘é€,æœ€é«˜åé¦ˆé¢‘ç‡ä»…èƒ½è¾¾åˆ°500Hz,ä¸ºäº†æ›´å¥½ç
  24:moudels/motor/motor_task.c **** 
  25:moudels/motor/motor_task.c ****     // ServeoMotorControl();
  26:moudels/motor/motor_task.c **** 
  27:moudels/motor/motor_task.c ****     // StepMotorControl();
  28:moudels/motor/motor_task.c **** }
  43              		.loc 1 28 1 is_stmt 0 view .LVU3
  44 000a 08BD     		pop	{r3, pc}
  45              		.cfi_endproc
  46              	.LFE134:
  48              		.text
  49              	.Letext0:
  50              		.file 2 "moudels/motor/DJImotor/dji_motor.h"
ARM GAS  C:\Users\Sive\AppData\Local\Temp\ccqILFqK.s 			page 3


DEFINED SYMBOLS
                            *ABS*:00000000 motor_task.c
C:\Users\Sive\AppData\Local\Temp\ccqILFqK.s:21     .text.MotorControlTask:00000000 $t
C:\Users\Sive\AppData\Local\Temp\ccqILFqK.s:27     .text.MotorControlTask:00000000 MotorControlTask

UNDEFINED SYMBOLS
DJIMotorControl
MIMotorControl
