ARM GAS  C:\Users\Sive\AppData\Local\Temp\ccnZlzhy.s 			page 1


   1              		.cpu cortex-m4
   2              		.arch armv7e-m
   3              		.fpu fpv4-sp-d16
   4              		.eabi_attribute 27, 1
   5              		.eabi_attribute 28, 1
   6              		.eabi_attribute 20, 1
   7              		.eabi_attribute 21, 1
   8              		.eabi_attribute 23, 3
   9              		.eabi_attribute 24, 1
  10              		.eabi_attribute 25, 1
  11              		.eabi_attribute 26, 1
  12              		.eabi_attribute 30, 1
  13              		.eabi_attribute 34, 1
  14              		.eabi_attribute 18, 4
  15              		.file	"paw.c"
  16              		.text
  17              	.Ltext0:
  18              		.cfi_sections	.debug_frame
  19              		.file 1 "application/paw/paw.c"
  20              		.section	.rodata.PawInit.str1.4,"aMS",%progbits,1
  21              		.align	2
  22              	.LC0:
  23 0000 7061775F 		.ascii	"paw_feed\000"
  23      66656564 
  23      00
  24 0009 000000   		.align	2
  25              	.LC1:
  26 000c 7061775F 		.ascii	"paw_cmd\000"
  26      636D6400 
  27              		.section	.text.PawInit,"ax",%progbits
  28              		.align	1
  29              		.global	PawInit
  30              		.syntax unified
  31              		.thumb
  32              		.thumb_func
  34              	PawInit:
  35              	.LFB167:
   1:application/paw/paw.c **** #include "paw.h"
   2:application/paw/paw.c **** #include "robot_def.h"
   3:application/paw/paw.c **** #include "dji_motor.h"
   4:application/paw/paw.c **** #include "message_center.h"
   5:application/paw/paw.c **** #include "bsp_dwt.h"
   6:application/paw/paw.c **** #include "general_def.h"
   7:application/paw/paw.c **** 
   8:application/paw/paw.c **** /* å¯¹äºåŒå‘å°„æœºæ„çš„æœºå™¨äºº,å°†ä¸‹é¢çš„æ•°æ®å°è£…æˆç»“æ„ä½“å³å¯,ç”Ÿæˆä¸¤ä»½shootåº
   9:application/paw/paw.c **** static DJIMotorInstance *paw0, *paw1, *paw2; // æ‹¨ç›˜ç”µæœº
  10:application/paw/paw.c **** // static servo_instance *lid; éœ€è¦å¢åŠ å¼¹èˆ±ç›–
  11:application/paw/paw.c **** 
  12:application/paw/paw.c **** static Publisher_t *paw_pub;
  13:application/paw/paw.c **** static Paw_Ctrl_Cmd_s paw_cmd_recv; // æ¥è‡ªcmdçš„å‘å°„æ§åˆ¶ä¿¡æ¯
  14:application/paw/paw.c **** static Subscriber_t *paw_sub;
  15:application/paw/paw.c **** static Paw_Upload_Data_s paw_feedback_data; // æ¥è‡ªcmdçš„å‘å°„æ§åˆ¶ä¿¡æ¯
  16:application/paw/paw.c **** // dwtå®šæ—¶,è®¡ç®—å†·å´ç”¨
  17:application/paw/paw.c **** // static float hibernate_time = 0, dead_time = 0;
  18:application/paw/paw.c **** 
  19:application/paw/paw.c **** void PawInit()
  20:application/paw/paw.c **** {
ARM GAS  C:\Users\Sive\AppData\Local\Temp\ccnZlzhy.s 			page 2


  36              		.loc 1 20 1 view -0
  37              		.cfi_startproc
  38              		@ args = 0, pretend = 0, frame = 352
  39              		@ frame_needed = 0, uses_anonymous_args = 0
  40 0000 2DE9F04F 		push	{r4, r5, r6, r7, r8, r9, r10, fp, lr}
  41              		.cfi_def_cfa_offset 36
  42              		.cfi_offset 4, -36
  43              		.cfi_offset 5, -32
  44              		.cfi_offset 6, -28
  45              		.cfi_offset 7, -24
  46              		.cfi_offset 8, -20
  47              		.cfi_offset 9, -16
  48              		.cfi_offset 10, -12
  49              		.cfi_offset 11, -8
  50              		.cfi_offset 14, -4
  51 0004 D9B0     		sub	sp, sp, #356
  52              		.cfi_def_cfa_offset 392
  21:application/paw/paw.c ****     // å·¦æ‘©æ“¦è½®
  22:application/paw/paw.c ****     Motor_Init_Config_s paw_config = {
  53              		.loc 1 22 5 view .LVU1
  54              		.loc 1 22 25 is_stmt 0 view .LVU2
  55 0006 4FF0B00A 		mov	r10, #176
  56 000a 5246     		mov	r2, r10
  57 000c 0021     		movs	r1, #0
  58 000e 0DEB0A00 		add	r0, sp, r10
  59 0012 FFF7FEFF 		bl	memset
  60              	.LVL0:
  61 0016 374B     		ldr	r3, .L3
  62 0018 3093     		str	r3, [sp, #192]	@ float
  63 001a DFF81C81 		ldr	r8, .L3+68
  64 001e CDF8C480 		str	r8, [sp, #196]	@ float
  65 0022 354B     		ldr	r3, .L3+4
  66 0024 3393     		str	r3, [sp, #204]	@ float
  67 0026 0124     		movs	r4, #1
  68 0028 8DF8D440 		strb	r4, [sp, #212]
  69 002c 334B     		ldr	r3, .L3+8
  70 002e 3693     		str	r3, [sp, #216]	@ float
  71 0030 334A     		ldr	r2, .L3+12
  72 0032 3B92     		str	r2, [sp, #236]	@ float
  73 0034 DFF804B1 		ldr	fp, .L3+72
  74 0038 CDF8F0B0 		str	fp, [sp, #240]	@ float
  75 003c 314B     		ldr	r3, .L3+16
  76 003e 3E93     		str	r3, [sp, #248]	@ float
  77 0040 8DF80041 		strb	r4, [sp, #256]
  78 0044 4193     		str	r3, [sp, #260]	@ float
  79 0046 4692     		str	r2, [sp, #280]	@ float
  80 0048 4FF07E59 		mov	r9, #1065353216
  81 004c CDF81C91 		str	r9, [sp, #284]	@ float
  82 0050 4993     		str	r3, [sp, #292]	@ float
  83 0052 0226     		movs	r6, #2
  84 0054 8DF84461 		strb	r6, [sp, #324]
  85 0058 0325     		movs	r5, #3
  86 005a 8DF84551 		strb	r5, [sp, #325]
  87 005e 8DF84B51 		strb	r5, [sp, #331]
  88 0062 294F     		ldr	r7, .L3+20
  89 0064 5397     		str	r7, [sp, #332]
  23:application/paw/paw.c ****         .can_init_config = {
ARM GAS  C:\Users\Sive\AppData\Local\Temp\ccnZlzhy.s 			page 3


  24:application/paw/paw.c ****             .can_handle = &hcan1,
  25:application/paw/paw.c ****         },
  26:application/paw/paw.c ****         .controller_param_init_config = {
  27:application/paw/paw.c ****             .angle_PID = {
  28:application/paw/paw.c ****                 // å¦‚æœå¯ç”¨ä½ç½®ç¯æ¥æ§åˆ¶å‘å¼¹,éœ€è¦è¾ƒå¤§çš„Iå€¼ä¿è¯è¾“å‡ºåŠ›çŸ©çš„çº¿
  29:application/paw/paw.c ****                 .Kp = 10, // 10
  30:application/paw/paw.c ****                 .Ki = 1,
  31:application/paw/paw.c ****                 .Kd = 0,
  32:application/paw/paw.c ****                 .MaxOut = 1300000,
  33:application/paw/paw.c ****             },
  34:application/paw/paw.c ****             .speed_PID = {
  35:application/paw/paw.c ****                 .Kp = 10, // 20
  36:application/paw/paw.c ****                 .Ki = 0.1, // 1
  37:application/paw/paw.c ****                 .Kd = 0.00,
  38:application/paw/paw.c ****                 .Improve = PID_Integral_Limit,
  39:application/paw/paw.c ****                 .IntegralLimit = 1300000,
  40:application/paw/paw.c ****                 .MaxOut = 1300000,
  41:application/paw/paw.c ****             },
  42:application/paw/paw.c ****             .current_PID = {
  43:application/paw/paw.c ****                 .Kp = 0.3, // 0.7
  44:application/paw/paw.c ****                 .Ki = 0.01, // 0.1
  45:application/paw/paw.c ****                 .Kd = 0.000,
  46:application/paw/paw.c ****                 .Improve = PID_Integral_Limit,
  47:application/paw/paw.c ****                 .IntegralLimit = 10000,
  48:application/paw/paw.c ****                 .MaxOut = 15000,
  49:application/paw/paw.c ****             },
  50:application/paw/paw.c ****         },
  51:application/paw/paw.c ****         .controller_setting_init_config = {
  52:application/paw/paw.c ****             .angle_feedback_source = MOTOR_FEED,
  53:application/paw/paw.c ****             .speed_feedback_source = MOTOR_FEED,
  54:application/paw/paw.c **** 
  55:application/paw/paw.c ****             .outer_loop_type = SPEED_LOOP,
  56:application/paw/paw.c ****             .close_loop_type = SPEED_LOOP|CURRENT_LOOP       ,
  57:application/paw/paw.c ****             .motor_reverse_flag = MOTOR_DIRECTION_NORMAL,
  58:application/paw/paw.c ****         },
  59:application/paw/paw.c ****         .motor_type = M2006};
  60:application/paw/paw.c ****     paw_config.can_init_config.tx_id = 1,
  90              		.loc 1 60 5 is_stmt 1 view .LVU3
  91              		.loc 1 60 38 is_stmt 0 view .LVU4
  92 0066 5494     		str	r4, [sp, #336]
  61:application/paw/paw.c ****     paw_config.controller_setting_init_config.motor_reverse_flag = MOTOR_DIRECTION_REVERSE;
  93              		.loc 1 61 66 view .LVU5
  94 0068 8DF84641 		strb	r4, [sp, #326]
  62:application/paw/paw.c ****     paw0 = DJIMotorInit(&paw_config);
  95              		.loc 1 62 5 is_stmt 1 view .LVU6
  96              		.loc 1 62 12 is_stmt 0 view .LVU7
  97 006c 0DEB0A00 		add	r0, sp, r10
  98 0070 FFF7FEFF 		bl	DJIMotorInit
  99              	.LVL1:
 100              		.loc 1 62 10 discriminator 1 view .LVU8
 101 0074 254B     		ldr	r3, .L3+24
 102 0076 1860     		str	r0, [r3]
  63:application/paw/paw.c **** 
  64:application/paw/paw.c ****     paw_config.can_init_config.tx_id = 2; // å³æ‘©æ“¦è½®,æ”¹txidå’Œæ–¹å‘å°±è¡Œ
 103              		.loc 1 64 5 is_stmt 1 view .LVU9
 104              		.loc 1 64 38 is_stmt 0 view .LVU10
 105 0078 5496     		str	r6, [sp, #336]
ARM GAS  C:\Users\Sive\AppData\Local\Temp\ccnZlzhy.s 			page 4


  65:application/paw/paw.c ****     paw_config.controller_setting_init_config.motor_reverse_flag = MOTOR_DIRECTION_REVERSE;
 106              		.loc 1 65 5 is_stmt 1 view .LVU11
 107              		.loc 1 65 66 is_stmt 0 view .LVU12
 108 007a 8DF84641 		strb	r4, [sp, #326]
  66:application/paw/paw.c ****     paw1 = DJIMotorInit(&paw_config);
 109              		.loc 1 66 5 is_stmt 1 view .LVU13
 110              		.loc 1 66 12 is_stmt 0 view .LVU14
 111 007e 0DEB0A00 		add	r0, sp, r10
 112 0082 FFF7FEFF 		bl	DJIMotorInit
 113              	.LVL2:
 114              		.loc 1 66 10 discriminator 1 view .LVU15
 115 0086 224B     		ldr	r3, .L3+28
 116 0088 1860     		str	r0, [r3]
  67:application/paw/paw.c **** 
  68:application/paw/paw.c ****     // å¤¹çˆªç”µæœº
  69:application/paw/paw.c ****     Motor_Init_Config_s catch_config = {
 117              		.loc 1 69 5 is_stmt 1 view .LVU16
 118              		.loc 1 69 25 is_stmt 0 view .LVU17
 119 008a 5246     		mov	r2, r10
 120 008c 0021     		movs	r1, #0
 121 008e 6846     		mov	r0, sp
 122 0090 FFF7FEFF 		bl	memset
 123              	.LVL3:
 124 0094 1F4B     		ldr	r3, .L3+32
 125 0096 0493     		str	r3, [sp, #16]	@ float
 126 0098 CDF814B0 		str	fp, [sp, #20]	@ float
 127 009c 1E4B     		ldr	r3, .L3+36
 128 009e 0793     		str	r3, [sp, #28]	@ float
 129 00a0 8DF82440 		strb	r4, [sp, #36]
 130 00a4 0A93     		str	r3, [sp, #40]	@ float
 131 00a6 CDF83C90 		str	r9, [sp, #60]	@ float
 132 00aa 1C4A     		ldr	r2, .L3+40
 133 00ac 1092     		str	r2, [sp, #64]	@ float
 134 00ae CDF84480 		str	r8, [sp, #68]	@ float
 135 00b2 1B4A     		ldr	r2, .L3+44
 136 00b4 1292     		str	r2, [sp, #72]	@ float
 137 00b6 8DF85040 		strb	r4, [sp, #80]
 138 00ba 1593     		str	r3, [sp, #84]	@ float
 139 00bc 8DF89460 		strb	r6, [sp, #148]
 140 00c0 8DF89560 		strb	r6, [sp, #149]
 141 00c4 8DF89B50 		strb	r5, [sp, #155]
 142 00c8 2797     		str	r7, [sp, #156]
 143 00ca 2895     		str	r5, [sp, #160]
  70:application/paw/paw.c ****         .can_init_config = {
  71:application/paw/paw.c ****             .can_handle = &hcan1,
  72:application/paw/paw.c ****             .tx_id = 3,
  73:application/paw/paw.c ****         },
  74:application/paw/paw.c ****         .controller_param_init_config = {
  75:application/paw/paw.c ****             
  76:application/paw/paw.c ****             .speed_PID = {
  77:application/paw/paw.c ****                 .Kp = 1, // 10
  78:application/paw/paw.c ****                 .Ki = 0.02, // 1
  79:application/paw/paw.c ****                 .Kd = 0.01,
  80:application/paw/paw.c ****                 .Improve = PID_Integral_Limit,
  81:application/paw/paw.c ****                 .IntegralLimit = 5000,
  82:application/paw/paw.c ****                 .MaxOut = 2000,
  83:application/paw/paw.c ****             },
ARM GAS  C:\Users\Sive\AppData\Local\Temp\ccnZlzhy.s 			page 5


  84:application/paw/paw.c ****             .current_PID = {
  85:application/paw/paw.c ****                 .Kp = 0.7, // 0.7
  86:application/paw/paw.c ****                 .Ki = 0.1, // 0.1
  87:application/paw/paw.c ****                 .Kd = 0,
  88:application/paw/paw.c ****                 .Improve = PID_Integral_Limit,
  89:application/paw/paw.c ****                 .IntegralLimit = 5000,
  90:application/paw/paw.c ****                 .MaxOut = 5000,
  91:application/paw/paw.c ****             },
  92:application/paw/paw.c ****         },
  93:application/paw/paw.c ****         .controller_setting_init_config = {
  94:application/paw/paw.c ****             .angle_feedback_source = MOTOR_FEED, .speed_feedback_source = MOTOR_FEED,
  95:application/paw/paw.c ****             .outer_loop_type = SPEED_LOOP, // åˆå§‹åŒ–æˆSPEED_LOOP,è®©æ‹¨ç›˜åœåœ¨åŸåœ°,é˜²æ­¢æ‹
  96:application/paw/paw.c ****             .close_loop_type = SPEED_LOOP,
  97:application/paw/paw.c ****             .motor_reverse_flag = MOTOR_DIRECTION_NORMAL, // æ³¨æ„æ–¹å‘è®¾ç½®ä¸ºæ‹¨ç›˜çš„æ‹¨å‡ºçš
  98:application/paw/paw.c ****         },
  99:application/paw/paw.c ****         .motor_type = M2006 // è‹±é›„ä½¿ç”¨m3508
 100:application/paw/paw.c ****     };
 101:application/paw/paw.c ****     catch_config.can_init_config.tx_id = 3;
 144              		.loc 1 101 5 is_stmt 1 view .LVU18
 102:application/paw/paw.c ****     paw2 = DJIMotorInit(&catch_config);
 145              		.loc 1 102 5 view .LVU19
 146              		.loc 1 102 12 is_stmt 0 view .LVU20
 147 00cc 6846     		mov	r0, sp
 148 00ce FFF7FEFF 		bl	DJIMotorInit
 149              	.LVL4:
 150              		.loc 1 102 10 discriminator 1 view .LVU21
 151 00d2 144B     		ldr	r3, .L3+48
 152 00d4 1860     		str	r0, [r3]
 103:application/paw/paw.c **** 
 104:application/paw/paw.c ****     paw_pub = PubRegister("paw_feed", sizeof(Paw_Upload_Data_s));
 153              		.loc 1 104 5 is_stmt 1 view .LVU22
 154              		.loc 1 104 15 is_stmt 0 view .LVU23
 155 00d6 0021     		movs	r1, #0
 156 00d8 1348     		ldr	r0, .L3+52
 157 00da FFF7FEFF 		bl	PubRegister
 158              	.LVL5:
 159              		.loc 1 104 13 discriminator 1 view .LVU24
 160 00de 134B     		ldr	r3, .L3+56
 161 00e0 1860     		str	r0, [r3]
 105:application/paw/paw.c ****     paw_sub = SubRegister("paw_cmd", sizeof(Paw_Ctrl_Cmd_s));
 162              		.loc 1 105 5 is_stmt 1 view .LVU25
 163              		.loc 1 105 15 is_stmt 0 view .LVU26
 164 00e2 0C21     		movs	r1, #12
 165 00e4 1248     		ldr	r0, .L3+60
 166 00e6 FFF7FEFF 		bl	SubRegister
 167              	.LVL6:
 168              		.loc 1 105 13 discriminator 1 view .LVU27
 169 00ea 124B     		ldr	r3, .L3+64
 170 00ec 1860     		str	r0, [r3]
 106:application/paw/paw.c **** }
 171              		.loc 1 106 1 view .LVU28
 172 00ee 59B0     		add	sp, sp, #356
 173              		.cfi_def_cfa_offset 36
 174              		@ sp needed
 175 00f0 BDE8F08F 		pop	{r4, r5, r6, r7, r8, r9, r10, fp, pc}
 176              	.L4:
 177              		.align	2
ARM GAS  C:\Users\Sive\AppData\Local\Temp\ccnZlzhy.s 			page 6


 178              	.L3:
 179 00f4 9A99993E 		.word	1050253722
 180 00f8 00606A46 		.word	1181376512
 181 00fc 00401C46 		.word	1176256512
 182 0100 00002041 		.word	1092616192
 183 0104 00B19E49 		.word	1235136768
 184 0108 00000000 		.word	hcan1
 185 010c 00000000 		.word	paw0
 186 0110 00000000 		.word	paw1
 187 0114 3333333F 		.word	1060320051
 188 0118 00409C45 		.word	1167867904
 189 011c 0AD7A33C 		.word	1017370378
 190 0120 0000FA44 		.word	1157234688
 191 0124 00000000 		.word	paw2
 192 0128 00000000 		.word	.LC0
 193 012c 00000000 		.word	paw_pub
 194 0130 0C000000 		.word	.LC1
 195 0134 00000000 		.word	paw_sub
 196 0138 0AD7233C 		.word	1008981770
 197 013c CDCCCC3D 		.word	1036831949
 198              		.cfi_endproc
 199              	.LFE167:
 201              		.section	.text.PawTask,"ax",%progbits
 202              		.align	1
 203              		.global	PawTask
 204              		.syntax unified
 205              		.thumb
 206              		.thumb_func
 208              	PawTask:
 209              	.LFB168:
 107:application/paw/paw.c **** 
 108:application/paw/paw.c **** /* æœºå™¨äººå‘å°„æœºæ„æ§åˆ¶æ ¸å¿ƒä»»åŠ¡ */
 109:application/paw/paw.c **** void PawTask()
 110:application/paw/paw.c **** {
 210              		.loc 1 110 1 is_stmt 1 view -0
 211              		.cfi_startproc
 212              		@ args = 0, pretend = 0, frame = 0
 213              		@ frame_needed = 0, uses_anonymous_args = 0
 214 0000 10B5     		push	{r4, lr}
 215              		.cfi_def_cfa_offset 8
 216              		.cfi_offset 4, -8
 217              		.cfi_offset 14, -4
 111:application/paw/paw.c ****     // ä»cmdè·å–æ§åˆ¶æ•°æ®
 112:application/paw/paw.c ****     SubGetMessage(paw_sub, &paw_cmd_recv);
 218              		.loc 1 112 5 view .LVU30
 219 0002 4D4C     		ldr	r4, .L22
 220 0004 2146     		mov	r1, r4
 221 0006 4D4B     		ldr	r3, .L22+4
 222 0008 1868     		ldr	r0, [r3]
 223 000a FFF7FEFF 		bl	SubGetMessage
 224              	.LVL7:
 113:application/paw/paw.c **** 
 114:application/paw/paw.c ****     // å¯¹shoot modeç­‰äºSHOOT_STOPçš„æƒ…å†µç‰¹æ®Šå¤„ç†,ç›´æ¥åœæ­¢æ‰€æœ‰ç”µæœº(ç´§æ€¥åœæ­¢)
 115:application/paw/paw.c ****     if (paw_cmd_recv.paw_mode == Paw_OFF)
 225              		.loc 1 115 5 view .LVU31
 226              		.loc 1 115 21 is_stmt 0 view .LVU32
 227 000e E378     		ldrb	r3, [r4, #3]	@ zero_extendqisi2
ARM GAS  C:\Users\Sive\AppData\Local\Temp\ccnZlzhy.s 			page 7


 228              		.loc 1 115 8 view .LVU33
 229 0010 002B     		cmp	r3, #0
 230 0012 3DD1     		bne	.L6
 116:application/paw/paw.c ****     {
 117:application/paw/paw.c ****         DJIMotorStop(paw0);
 231              		.loc 1 117 9 is_stmt 1 view .LVU34
 232 0014 4A4B     		ldr	r3, .L22+8
 233 0016 1868     		ldr	r0, [r3]
 234 0018 FFF7FEFF 		bl	DJIMotorStop
 235              	.LVL8:
 118:application/paw/paw.c ****         DJIMotorStop(paw1);
 236              		.loc 1 118 9 view .LVU35
 237 001c 494B     		ldr	r3, .L22+12
 238 001e 1868     		ldr	r0, [r3]
 239 0020 FFF7FEFF 		bl	DJIMotorStop
 240              	.LVL9:
 119:application/paw/paw.c ****         DJIMotorStop(paw2);
 241              		.loc 1 119 9 view .LVU36
 242 0024 484B     		ldr	r3, .L22+16
 243 0026 1868     		ldr	r0, [r3]
 244 0028 FFF7FEFF 		bl	DJIMotorStop
 245              	.LVL10:
 246              	.L7:
 120:application/paw/paw.c ****     }
 121:application/paw/paw.c ****     else // æ¢å¤è¿è¡Œ
 122:application/paw/paw.c ****     {
 123:application/paw/paw.c ****         DJIMotorEnable(paw0);
 124:application/paw/paw.c ****         DJIMotorEnable(paw1);
 125:application/paw/paw.c ****         DJIMotorEnable(paw2);
 126:application/paw/paw.c ****     }
 127:application/paw/paw.c ****     //å¤¹çˆª
 128:application/paw/paw.c ****      
 129:application/paw/paw.c ****     if((paw2->measure.real_current>50000)||(paw2->measure.real_current<-50000)){
 247              		.loc 1 129 5 view .LVU37
 130:application/paw/paw.c ****         if(paw_cmd_recv.paw2location==up){
 131:application/paw/paw.c ****             DJIMotorOuterLoop(paw2, CURRENT_LOOP);
 132:application/paw/paw.c ****             DJIMotorSetRef(paw2, 1500);
 133:application/paw/paw.c ****             }else if(paw_cmd_recv.paw2location==down){
 134:application/paw/paw.c ****                     DJIMotorOuterLoop(paw2, CURRENT_LOOP);
 135:application/paw/paw.c ****                     DJIMotorSetRef(paw2, -1500);
 136:application/paw/paw.c ****             }else{
 137:application/paw/paw.c ****                 DJIMotorOuterLoop(paw2, CURRENT_LOOP);
 138:application/paw/paw.c ****                 DJIMotorSetRef(paw2, 0);
 139:application/paw/paw.c ****             }
 140:application/paw/paw.c ****     }else{
 141:application/paw/paw.c ****         if(paw_cmd_recv.paw2location==up){
 248              		.loc 1 141 9 view .LVU38
 249              		.loc 1 141 24 is_stmt 0 view .LVU39
 250 002c 424B     		ldr	r3, .L22
 251 002e 9B78     		ldrb	r3, [r3, #2]	@ zero_extendqisi2
 252              		.loc 1 141 11 view .LVU40
 253 0030 002B     		cmp	r3, #0
 254 0032 3AD0     		beq	.L20
 142:application/paw/paw.c ****             DJIMotorOuterLoop(paw2,SPEED_LOOP);
 143:application/paw/paw.c ****             DJIMotorSetRef(paw2, 15000);
 144:application/paw/paw.c ****             }else if(paw_cmd_recv.paw2location==down){
 255              		.loc 1 144 19 is_stmt 1 view .LVU41
ARM GAS  C:\Users\Sive\AppData\Local\Temp\ccnZlzhy.s 			page 8


 256              		.loc 1 144 21 is_stmt 0 view .LVU42
 257 0034 012B     		cmp	r3, #1
 258 0036 43D0     		beq	.L21
 145:application/paw/paw.c ****                     DJIMotorOuterLoop(paw2,  SPEED_LOOP);
 146:application/paw/paw.c ****                     DJIMotorSetRef(paw2, -15000);
 147:application/paw/paw.c ****             }else{
 148:application/paw/paw.c ****                 DJIMotorOuterLoop(paw2,  SPEED_LOOP);
 259              		.loc 1 148 17 is_stmt 1 view .LVU43
 260 0038 434C     		ldr	r4, .L22+16
 261 003a 0221     		movs	r1, #2
 262 003c 2068     		ldr	r0, [r4]
 263 003e FFF7FEFF 		bl	DJIMotorOuterLoop
 264              	.LVL11:
 149:application/paw/paw.c ****                 DJIMotorSetRef(paw2, 0);
 265              		.loc 1 149 17 view .LVU44
 266 0042 9FED420A 		vldr.32	s0, .L22+20
 267 0046 2068     		ldr	r0, [r4]
 268 0048 FFF7FEFF 		bl	DJIMotorSetRef
 269              	.LVL12:
 270              	.L9:
 150:application/paw/paw.c ****             }
 151:application/paw/paw.c ****     }
 152:application/paw/paw.c **** 
 153:application/paw/paw.c ****     switch(paw_cmd_recv.paw0location) {
 271              		.loc 1 153 5 view .LVU45
 272              		.loc 1 153 24 is_stmt 0 view .LVU46
 273 004c 3A4B     		ldr	r3, .L22
 274 004e 1B78     		ldrb	r3, [r3]	@ zero_extendqisi2
 275              		.loc 1 153 5 view .LVU47
 276 0050 012B     		cmp	r3, #1
 277 0052 40D0     		beq	.L11
 278 0054 022B     		cmp	r3, #2
 279 0056 49D0     		beq	.L12
 280 0058 4BB9     		cbnz	r3, .L13
 154:application/paw/paw.c ****         case up:
 155:application/paw/paw.c ****             DJIMotorOuterLoop(paw0,  SPEED_LOOP);
 281              		.loc 1 155 13 is_stmt 1 view .LVU48
 282 005a 394C     		ldr	r4, .L22+8
 283 005c 0221     		movs	r1, #2
 284 005e 2068     		ldr	r0, [r4]
 285 0060 FFF7FEFF 		bl	DJIMotorOuterLoop
 286              	.LVL13:
 156:application/paw/paw.c ****             DJIMotorSetRef(paw0, -15000);
 287              		.loc 1 156 13 view .LVU49
 288 0064 9FED3A0A 		vldr.32	s0, .L22+24
 289 0068 2068     		ldr	r0, [r4]
 290 006a FFF7FEFF 		bl	DJIMotorSetRef
 291              	.LVL14:
 157:application/paw/paw.c ****             break;
 292              		.loc 1 157 13 view .LVU50
 293              	.L13:
 158:application/paw/paw.c ****         case down:
 159:application/paw/paw.c ****             DJIMotorOuterLoop(paw0,  SPEED_LOOP);
 160:application/paw/paw.c ****             DJIMotorSetRef(paw0, 15000);
 161:application/paw/paw.c ****             break;
 162:application/paw/paw.c ****         case stand:
 163:application/paw/paw.c ****             DJIMotorOuterLoop(paw0,  SPEED_LOOP);
ARM GAS  C:\Users\Sive\AppData\Local\Temp\ccnZlzhy.s 			page 9


 164:application/paw/paw.c ****             DJIMotorSetRef(paw0, 0);
 165:application/paw/paw.c ****             break;
 166:application/paw/paw.c ****         default:
 167:application/paw/paw.c ****             // Handle other cases here if necessary
 168:application/paw/paw.c ****             break;
 169:application/paw/paw.c ****     }
 170:application/paw/paw.c ****     switch(paw_cmd_recv.paw1location) {
 294              		.loc 1 170 5 view .LVU51
 295              		.loc 1 170 24 is_stmt 0 view .LVU52
 296 006e 324B     		ldr	r3, .L22
 297 0070 5B78     		ldrb	r3, [r3, #1]	@ zero_extendqisi2
 298              		.loc 1 170 5 view .LVU53
 299 0072 002B     		cmp	r3, #0
 300 0074 45D0     		beq	.L14
 301 0076 012B     		cmp	r3, #1
 302 0078 53D0     		beq	.L15
 171:application/paw/paw.c ****         case up:
 172:application/paw/paw.c ****             DJIMotorOuterLoop(paw1,  SPEED_LOOP);
 173:application/paw/paw.c ****             DJIMotorSetRef(paw1, -15000);
 174:application/paw/paw.c ****             break;
 175:application/paw/paw.c ****         case down:
 176:application/paw/paw.c ****             DJIMotorOuterLoop(paw1,  SPEED_LOOP);
 177:application/paw/paw.c ****             DJIMotorSetRef(paw1, 15000);
 178:application/paw/paw.c ****             break;
 179:application/paw/paw.c ****         default:
 180:application/paw/paw.c ****             DJIMotorOuterLoop(paw1,  SPEED_LOOP);
 303              		.loc 1 180 13 is_stmt 1 view .LVU54
 304 007a 324C     		ldr	r4, .L22+12
 305 007c 0221     		movs	r1, #2
 306 007e 2068     		ldr	r0, [r4]
 307 0080 FFF7FEFF 		bl	DJIMotorOuterLoop
 308              	.LVL15:
 181:application/paw/paw.c ****             DJIMotorSetRef(paw1, 0);
 309              		.loc 1 181 13 view .LVU55
 310 0084 9FED310A 		vldr.32	s0, .L22+20
 311 0088 2068     		ldr	r0, [r4]
 312 008a FFF7FEFF 		bl	DJIMotorSetRef
 313              	.LVL16:
 182:application/paw/paw.c ****             break;
 314              		.loc 1 182 13 view .LVU56
 315 008e 42E0     		b	.L17
 316              	.L6:
 123:application/paw/paw.c ****         DJIMotorEnable(paw1);
 317              		.loc 1 123 9 view .LVU57
 318 0090 2B4B     		ldr	r3, .L22+8
 319 0092 1868     		ldr	r0, [r3]
 320 0094 FFF7FEFF 		bl	DJIMotorEnable
 321              	.LVL17:
 124:application/paw/paw.c ****         DJIMotorEnable(paw2);
 322              		.loc 1 124 9 view .LVU58
 323 0098 2A4B     		ldr	r3, .L22+12
 324 009a 1868     		ldr	r0, [r3]
 325 009c FFF7FEFF 		bl	DJIMotorEnable
 326              	.LVL18:
 125:application/paw/paw.c ****     }
 327              		.loc 1 125 9 view .LVU59
 328 00a0 294B     		ldr	r3, .L22+16
ARM GAS  C:\Users\Sive\AppData\Local\Temp\ccnZlzhy.s 			page 10


 329 00a2 1868     		ldr	r0, [r3]
 330 00a4 FFF7FEFF 		bl	DJIMotorEnable
 331              	.LVL19:
 332 00a8 C0E7     		b	.L7
 333              	.L20:
 142:application/paw/paw.c ****             DJIMotorSetRef(paw2, 15000);
 334              		.loc 1 142 13 view .LVU60
 335 00aa 274C     		ldr	r4, .L22+16
 336 00ac 0221     		movs	r1, #2
 337 00ae 2068     		ldr	r0, [r4]
 338 00b0 FFF7FEFF 		bl	DJIMotorOuterLoop
 339              	.LVL20:
 143:application/paw/paw.c ****             }else if(paw_cmd_recv.paw2location==down){
 340              		.loc 1 143 13 view .LVU61
 341 00b4 9FED270A 		vldr.32	s0, .L22+28
 342 00b8 2068     		ldr	r0, [r4]
 343 00ba FFF7FEFF 		bl	DJIMotorSetRef
 344              	.LVL21:
 345 00be C5E7     		b	.L9
 346              	.L21:
 145:application/paw/paw.c ****                     DJIMotorSetRef(paw2, -15000);
 347              		.loc 1 145 21 view .LVU62
 348 00c0 214C     		ldr	r4, .L22+16
 349 00c2 0221     		movs	r1, #2
 350 00c4 2068     		ldr	r0, [r4]
 351 00c6 FFF7FEFF 		bl	DJIMotorOuterLoop
 352              	.LVL22:
 146:application/paw/paw.c ****             }else{
 353              		.loc 1 146 21 view .LVU63
 354 00ca 9FED210A 		vldr.32	s0, .L22+24
 355 00ce 2068     		ldr	r0, [r4]
 356 00d0 FFF7FEFF 		bl	DJIMotorSetRef
 357              	.LVL23:
 358 00d4 BAE7     		b	.L9
 359              	.L11:
 159:application/paw/paw.c ****             DJIMotorSetRef(paw0, 15000);
 360              		.loc 1 159 13 view .LVU64
 361 00d6 1A4C     		ldr	r4, .L22+8
 362 00d8 0221     		movs	r1, #2
 363 00da 2068     		ldr	r0, [r4]
 364 00dc FFF7FEFF 		bl	DJIMotorOuterLoop
 365              	.LVL24:
 160:application/paw/paw.c ****             break;
 366              		.loc 1 160 13 view .LVU65
 367 00e0 9FED1C0A 		vldr.32	s0, .L22+28
 368 00e4 2068     		ldr	r0, [r4]
 369 00e6 FFF7FEFF 		bl	DJIMotorSetRef
 370              	.LVL25:
 161:application/paw/paw.c ****         case stand:
 371              		.loc 1 161 13 view .LVU66
 372 00ea C0E7     		b	.L13
 373              	.L12:
 163:application/paw/paw.c ****             DJIMotorSetRef(paw0, 0);
 374              		.loc 1 163 13 view .LVU67
 375 00ec 144C     		ldr	r4, .L22+8
 376 00ee 0221     		movs	r1, #2
 377 00f0 2068     		ldr	r0, [r4]
ARM GAS  C:\Users\Sive\AppData\Local\Temp\ccnZlzhy.s 			page 11


 378 00f2 FFF7FEFF 		bl	DJIMotorOuterLoop
 379              	.LVL26:
 164:application/paw/paw.c ****             break;
 380              		.loc 1 164 13 view .LVU68
 381 00f6 9FED150A 		vldr.32	s0, .L22+20
 382 00fa 2068     		ldr	r0, [r4]
 383 00fc FFF7FEFF 		bl	DJIMotorSetRef
 384              	.LVL27:
 165:application/paw/paw.c ****         default:
 385              		.loc 1 165 13 view .LVU69
 386 0100 B5E7     		b	.L13
 387              	.L14:
 172:application/paw/paw.c ****             DJIMotorSetRef(paw1, -15000);
 388              		.loc 1 172 13 view .LVU70
 389 0102 104C     		ldr	r4, .L22+12
 390 0104 0221     		movs	r1, #2
 391 0106 2068     		ldr	r0, [r4]
 392 0108 FFF7FEFF 		bl	DJIMotorOuterLoop
 393              	.LVL28:
 173:application/paw/paw.c ****             break;
 394              		.loc 1 173 13 view .LVU71
 395 010c 9FED100A 		vldr.32	s0, .L22+24
 396 0110 2068     		ldr	r0, [r4]
 397 0112 FFF7FEFF 		bl	DJIMotorSetRef
 398              	.LVL29:
 174:application/paw/paw.c ****         case down:
 399              		.loc 1 174 13 view .LVU72
 400              	.L17:
 183:application/paw/paw.c ****     }
 184:application/paw/paw.c ****     
 185:application/paw/paw.c ****     // if(paw_cmd_recv.paw0location==up && paw0->measure.total_angle < (paw0->measure.first_angle +
 186:application/paw/paw.c ****     //     DJIMotorSetRef(paw0, paw0->measure.total_angle + 360.0f*36.0f*36.0f/1000/1.85f *1.5);//s
 187:application/paw/paw.c ****     // }else if(paw_cmd_recv.paw0location==down && paw0->measure.total_angle>(paw0->measure.first_a
 188:application/paw/paw.c ****     //     DJIMotorSetRef(paw0, paw0->measure.total_angle - 360.0f*36.0f*36.0f/1000.0f/1.85f *1.5);
 189:application/paw/paw.c ****     // }else{
 190:application/paw/paw.c ****     //     // DJIMotorSetRef(paw0, paw0->measure.first_angle+360.0f*36.0f*36.0f/1000.0f/1.85f * 0.1
 191:application/paw/paw.c ****     // }
 192:application/paw/paw.c ****     // if(paw_cmd_recv.paw0location==up){
 193:application/paw/paw.c ****     //     DJIMotorSetRef(paw0, paw0->measure.first_angle+360.0f*36.0f*36.0f/1000.0f/1.85f * 0.1);/
 194:application/paw/paw.c ****     // }else if(paw_cmd_recv.paw0location==down ){//æ¯”åº•éƒ¨æå¤§æ¦‚0.1åœˆ
 195:application/paw/paw.c ****     //     DJIMotorSetRef(paw0, paw0->measure. first_angle  );//speed -20Â°/s
 196:application/paw/paw.c ****     // }
 197:application/paw/paw.c ****         
 198:application/paw/paw.c **** 
 199:application/paw/paw.c ****     //  if(paw_cmd_recv.paw1location==up && paw1->measure.total_angle < (paw1->measure.first_angle 
 200:application/paw/paw.c ****     //     DJIMotorSetRef(paw1, paw1->measure.total_angle + 360.0f*36.0f*36.0f/1000.0f/1.85f * 20);
 201:application/paw/paw.c ****     // }else if(paw_cmd_recv.paw1location==down && paw1->measure.first_angle < (paw1->measure.first
 202:application/paw/paw.c ****     //     DJIMotorSetRef(paw1, paw1->measure.total_angle - 360.0f*36.0f*36.0f/1000.0f/1.85f * 20);
 203:application/paw/paw.c ****     // }else{
 204:application/paw/paw.c ****     //     DJIMotorSetRef(paw1, paw1->measure.total_angle);
 205:application/paw/paw.c ****     // }
 206:application/paw/paw.c ****     // å¦‚æœä¸Šä¸€æ¬¡è§¦å‘å•å‘æˆ–3å‘æŒ‡ä»¤çš„æ—¶é—´åŠ ä¸Šä¸åº”æœŸä»ç„¶å¤§äºå½“å‰æ—¶é—´(å°š
 207:application/paw/paw.c ****     // å•å‘æ¨¡å¼ä¸»è¦æä¾›ç»™èƒ½é‡æœºå…³æ¿€æ´»ä½¿ç”¨(ä»¥åŠè‹±é›„çš„å°„å‡»å¤§éƒ¨åˆ†å¤„äºå•å
 208:application/paw/paw.c ****     // if (hibernate_time + dead_time > DWT_GetTimeline_ms())
 209:application/paw/paw.c ****     //     return;
 210:application/paw/paw.c **** 
 211:application/paw/paw.c ****     // è‹¥ä¸åœ¨ä¼‘çœ çŠ¶æ€,æ ¹æ®robotCMDä¼ æ¥çš„æ§åˆ¶æ¨¡å¼è¿›è¡Œæ‹¨ç›˜ç”µæœºå‚è€ƒå€¼è®¾å®šå’
ARM GAS  C:\Users\Sive\AppData\Local\Temp\ccnZlzhy.s 			page 12


 212:application/paw/paw.c ****     // switch (paw_cmd_recv.load_mode)
 213:application/paw/paw.c ****     // {
 214:application/paw/paw.c ****     // // åœæ­¢æ‹¨ç›˜
 215:application/paw/paw.c ****     // case LOAD_STOP:
 216:application/paw/paw.c ****     //     DJIMotorOuterLoop(loader, SPEED_LOOP); // åˆ‡æ¢åˆ°é€Ÿåº¦ç¯
 217:application/paw/paw.c ****     //     DJIMotorSetRef(loader, 0);             // åŒæ—¶è®¾å®šå‚è€ƒå€¼ä¸º0,è¿™æ ·åœæ­¢çš„é€Ÿåº
 218:application/paw/paw.c ****     //     break;
 219:application/paw/paw.c ****     // // å•å‘æ¨¡å¼,æ ¹æ®é¼ æ ‡æŒ‰ä¸‹çš„æ—¶é—´,è§¦å‘ä¸€æ¬¡ä¹‹åéœ€è¦è¿›å…¥ä¸å“åº”è¾“å…¥çš„
 220:application/paw/paw.c ****     // case LOAD_1_BULLET:                                                                     // æ
 221:application/paw/paw.c ****     //     DJIMotorOuterLoop(loader, ANGLE_LOOP);                                              // å
 222:application/paw/paw.c ****     //     DJIMotorSetRef(loader, loader->measure.total_angle + ONE_BULLET_DELTA_ANGLE); // æ§åˆ¶é
 223:application/paw/paw.c ****     //     hibernate_time = DWT_GetTimeline_ms();                                              // è
 224:application/paw/paw.c ****     //     dead_time = 150;                                                                    // å
 225:application/paw/paw.c ****     //     break;
 226:application/paw/paw.c ****     // // ä¸‰è¿å‘,å¦‚æœä¸éœ€è¦åç»­å¯èƒ½åˆ é™¤
 227:application/paw/paw.c ****     // case LOAD_3_BULLET:
 228:application/paw/paw.c ****     //     DJIMotorOuterLoop(loader, ANGLE_LOOP);                                                  
 229:application/paw/paw.c ****     //     DJIMotorSetRef(loader, loader->measure.total_angle + 3 * ONE_BULLET_DELTA_ANGLE); // å¢
 230:application/paw/paw.c ****     //     hibernate_time = DWT_GetTimeline_ms();                                                  
 231:application/paw/paw.c ****     //     dead_time = 300;                                                                        
 232:application/paw/paw.c ****     //     break;
 233:application/paw/paw.c ****     // // è¿å‘æ¨¡å¼,å¯¹é€Ÿåº¦é—­ç¯,å°„é¢‘åç»­ä¿®æ”¹ä¸ºå¯å˜,ç›®å‰å›ºå®šä¸º1Hz
 234:application/paw/paw.c ****     // case LOAD_BURSTFIRE:
 235:application/paw/paw.c ****     //     DJIMotorOuterLoop(loader, SPEED_LOOP);
 236:application/paw/paw.c ****     //     DJIMotorSetRef(loader, paw_cmd_recv.shoot_rate * 360 * REDUCTION_RATIO_LOADER / 8);
 237:application/paw/paw.c ****     //     // xé¢—/ç§’æ¢ç®—æˆé€Ÿåº¦: å·²çŸ¥ä¸€åœˆçš„è½½å¼¹é‡,ç”±æ­¤è®¡ç®—å‡º1séœ€è¦è½¬çš„è§’åº¦
 238:application/paw/paw.c ****     //     break;
 239:application/paw/paw.c ****     // // æ‹¨ç›˜åè½¬,å¯¹é€Ÿåº¦é—­ç¯,åç»­å¢åŠ å¡å¼¹æ£€æµ‹(é€šè¿‡è£åˆ¤ç³»ç»Ÿå‰©ä½™çƒ­é‡åé¦
 240:application/paw/paw.c ****     // // ä¹Ÿæœ‰å¯èƒ½éœ€è¦ä»switch-caseä¸­ç‹¬ç«‹å‡ºæ¥
 241:application/paw/paw.c ****     // case LOAD_REVERSE:
 242:application/paw/paw.c ****     //     DJIMotorOuterLoop(loader, SPEED_LOOP);
 243:application/paw/paw.c ****     //     // ...
 244:application/paw/paw.c ****     //     break;
 245:application/paw/paw.c ****     // default:
 246:application/paw/paw.c ****     //     while (1)
 247:application/paw/paw.c ****     //         ; // æœªçŸ¥æ¨¡å¼,åœæ­¢è¿è¡Œ,æ£€æŸ¥æŒ‡é’ˆè¶Šç•Œ,å†…å­˜æº¢å‡ºç­‰é—®é¢˜
 248:application/paw/paw.c ****     // }
 249:application/paw/paw.c **** 
 250:application/paw/paw.c ****     // ç¡®å®šæ˜¯å¦å¼€å¯æ‘©æ“¦è½®,åç»­å¯èƒ½ä¿®æ”¹ä¸ºé”®é¼ æ¨¡å¼ä¸‹å§‹ç»ˆå¼€å¯æ‘©æ“¦è½®(ä¸Šåœº
 251:application/paw/paw.c ****     // if (paw_cmd_recv.friction_mode == FRICTION_ON)
 252:application/paw/paw.c ****     // {
 253:application/paw/paw.c ****         // æ ¹æ®æ”¶åˆ°çš„å¼¹é€Ÿè®¾ç½®è®¾å®šæ‘©æ“¦è½®ç”µæœºå‚è€ƒå€¼,éœ€å®æµ‹åå¡«å…¥
 254:application/paw/paw.c ****         // switch (shoot_cmd_recv.bullet_speed)
 255:application/paw/paw.c ****         // {
 256:application/paw/paw.c ****         // case SMALL_AMU_15:
 257:application/paw/paw.c ****         //     DJIMotorSetRef(friction_l, 0);
 258:application/paw/paw.c ****         //     DJIMotorSetRef(friction_r, 0);
 259:application/paw/paw.c ****         //     break;
 260:application/paw/paw.c ****         // case SMALL_AMU_18:
 261:application/paw/paw.c ****             //   DJIMotorSetRef(friction_l, 0);
 262:application/paw/paw.c ****         //     DJIMotorSetRef(friction_r, 0);
 263:application/paw/paw.c ****         //     break;
 264:application/paw/paw.c ****         // case SMALL_AMU_30:
 265:application/paw/paw.c ****         //     DJIMotorSetRef(friction_l, 0);
 266:application/paw/paw.c ****         //     DJIMotorSetRef(friction_r, 0);
 267:application/paw/paw.c ****         //     break;
 268:application/paw/paw.c ****         // default: // å½“å‰ä¸ºäº†è°ƒè¯•è®¾å®šçš„é»˜è®¤å€¼4000,å› ä¸ºè¿˜æ²¡æœ‰åŠ å…¥è£åˆ¤ç³»ç»Ÿæ—
ARM GAS  C:\Users\Sive\AppData\Local\Temp\ccnZlzhy.s 			page 13


 269:application/paw/paw.c ****         //     DJIMotorSetRef(friction_l, 30000);
 270:application/paw/paw.c ****         //     DJIMotorSetRef(friction_r, 30000);
 271:application/paw/paw.c ****         //     break;
 272:application/paw/paw.c ****         // }
 273:application/paw/paw.c ****     // }
 274:application/paw/paw.c ****     // else // å…³é—­æ‘©æ“¦è½®
 275:application/paw/paw.c ****     // {
 276:application/paw/paw.c ****         // DJIMotorSetRef(friction_l, 0);
 277:application/paw/paw.c ****         // DJIMotorSetRef(friction_r, 0);
 278:application/paw/paw.c ****     // }
 279:application/paw/paw.c **** 
 280:application/paw/paw.c ****     // å¼€å…³å¼¹èˆ±ç›–
 281:application/paw/paw.c ****     // if (paw_cmd_recv.lid_mode == LID_CLOSE)
 282:application/paw/paw.c ****     // {
 283:application/paw/paw.c ****         //...
 284:application/paw/paw.c ****     // }
 285:application/paw/paw.c ****     // else if (paw_cmd_recv.lid_mode == LID_OPEN)
 286:application/paw/paw.c ****     // {
 287:application/paw/paw.c ****         //...
 288:application/paw/paw.c ****     // }
 289:application/paw/paw.c **** 
 290:application/paw/paw.c ****     // åé¦ˆæ•°æ®,ç›®å‰æš‚æ—¶æ²¡æœ‰è¦è®¾å®šçš„åé¦ˆæ•°æ®,åç»­å¯èƒ½å¢åŠ åº”ç”¨ç¦»çº¿ç›‘æµ‹
 291:application/paw/paw.c ****     PubPushMessage(paw_pub, (void *)&paw_feedback_data);
 401              		.loc 1 291 5 view .LVU73
 402 0116 1049     		ldr	r1, .L22+32
 403 0118 104B     		ldr	r3, .L22+36
 404 011a 1868     		ldr	r0, [r3]
 405 011c FFF7FEFF 		bl	PubPushMessage
 406              	.LVL30:
 292:application/paw/paw.c **** }...
 407              		.loc 1 292 1 is_stmt 0 view .LVU74
 408 0120 10BD     		pop	{r4, pc}
 409              	.L15:
 176:application/paw/paw.c ****             DJIMotorOuterLoop(paw1,  SPEED_LOOP);
 410              		.loc 1 176 13 is_stmt 1 view .LVU75
 411 0122 084C     		ldr	r4, .L22+12
 412 0124 0221     		movs	r1, #2
 413 0126 2068     		ldr	r0, [r4]
 414 0128 FFF7FEFF 		bl	DJIMotorOuterLoop
 415              	.LVL31:
 177:application/paw/paw.c ****             DJIMotorSetRef(paw1, 15000);
 416              		.loc 1 177 13 view .LVU76
 417 012c 9FED090A 		vldr.32	s0, .L22+28
 418 0130 2068     		ldr	r0, [r4]
 419 0132 FFF7FEFF 		bl	DJIMotorSetRef
 420              	.LVL32:
 178:application/paw/paw.c ****             break;
 421              		.loc 1 178 13 view .LVU77
 422 0136 EEE7     		b	.L17
 423              	.L23:
 424              		.align	2
 425              	.L22:
 426 0138 00000000 		.word	paw_cmd_recv
 427 013c 00000000 		.word	paw_sub
 428 0140 00000000 		.word	paw0
 429 0144 00000000 		.word	paw1
 430 0148 00000000 		.word	paw2
ARM GAS  C:\Users\Sive\AppData\Local\Temp\ccnZlzhy.s 			page 14


 431 014c 00000000 		.word	0
 432 0150 00606AC6 		.word	-966107136
 433 0154 00606A46 		.word	1181376512
 434 0158 00000000 		.word	paw_feedback_data
 435 015c 00000000 		.word	paw_pub
 436              		.cfi_endproc
 437              	.LFE168:
 439              		.section	.bss.paw_feedback_data,"aw",%nobits
 440              		.align	2
 443              	paw_feedback_data:
 444              		.section	.bss.paw_sub,"aw",%nobits
 445              		.align	2
 448              	paw_sub:
 449 0000 00000000 		.space	4
 450              		.section	.bss.paw_cmd_recv,"aw",%nobits
 451              		.align	2
 454              	paw_cmd_recv:
 455 0000 00000000 		.space	12
 455      00000000 
 455      00000000 
 456              		.section	.bss.paw_pub,"aw",%nobits
 457              		.align	2
 460              	paw_pub:
 461 0000 00000000 		.space	4
 462              		.section	.bss.paw2,"aw",%nobits
 463              		.align	2
 466              	paw2:
 467 0000 00000000 		.space	4
 468              		.section	.bss.paw1,"aw",%nobits
 469              		.align	2
 472              	paw1:
 473 0000 00000000 		.space	4
 474              		.section	.bss.paw0,"aw",%nobits
 475              		.align	2
 478              	paw0:
 479 0000 00000000 		.space	4
 480              		.text
 481              	.Letext0:
 482              		.file 2 "C:/Users/Sive/AppData/Roaming/Code/User/globalStorage/bmd.stm32-for-vscode/@xpack-dev-too
 483              		.file 3 "C:/Users/Sive/AppData/Roaming/Code/User/globalStorage/bmd.stm32-for-vscode/@xpack-dev-too
 484              		.file 4 "Drivers/CMSIS/Device/ST/STM32F4xx/Include/stm32f407xx.h"
 485              		.file 5 "Drivers/CMSIS/Device/ST/STM32F4xx/Include/stm32f4xx.h"
 486              		.file 6 "Drivers/STM32F4xx_HAL_Driver/Inc/stm32f4xx_hal_can.h"
 487              		.file 7 "application/robot_def.h"
 488              		.file 8 "bsp/can/bsp_can.h"
 489              		.file 9 "moudels/algorithm/controller.h"
 490              		.file 10 "moudels/motor/motor_def.h"
 491              		.file 11 "moudels/daemon/daemon.h"
 492              		.file 12 "moudels/motor/DJImotor/dji_motor.h"
 493              		.file 13 "moudels/message_center/message_center.h"
 494              		.file 14 "Core/Inc/can.h"
 495              		.file 15 "<built-in>"
ARM GAS  C:\Users\Sive\AppData\Local\Temp\ccnZlzhy.s 			page 15


DEFINED SYMBOLS
                            *ABS*:00000000 paw.c
C:\Users\Sive\AppData\Local\Temp\ccnZlzhy.s:21     .rodata.PawInit.str1.4:00000000 $d
C:\Users\Sive\AppData\Local\Temp\ccnZlzhy.s:28     .text.PawInit:00000000 $t
C:\Users\Sive\AppData\Local\Temp\ccnZlzhy.s:34     .text.PawInit:00000000 PawInit
C:\Users\Sive\AppData\Local\Temp\ccnZlzhy.s:179    .text.PawInit:000000f4 $d
C:\Users\Sive\AppData\Local\Temp\ccnZlzhy.s:478    .bss.paw0:00000000 paw0
C:\Users\Sive\AppData\Local\Temp\ccnZlzhy.s:472    .bss.paw1:00000000 paw1
C:\Users\Sive\AppData\Local\Temp\ccnZlzhy.s:466    .bss.paw2:00000000 paw2
C:\Users\Sive\AppData\Local\Temp\ccnZlzhy.s:460    .bss.paw_pub:00000000 paw_pub
C:\Users\Sive\AppData\Local\Temp\ccnZlzhy.s:448    .bss.paw_sub:00000000 paw_sub
C:\Users\Sive\AppData\Local\Temp\ccnZlzhy.s:202    .text.PawTask:00000000 $t
C:\Users\Sive\AppData\Local\Temp\ccnZlzhy.s:208    .text.PawTask:00000000 PawTask
C:\Users\Sive\AppData\Local\Temp\ccnZlzhy.s:426    .text.PawTask:00000138 $d
C:\Users\Sive\AppData\Local\Temp\ccnZlzhy.s:454    .bss.paw_cmd_recv:00000000 paw_cmd_recv
C:\Users\Sive\AppData\Local\Temp\ccnZlzhy.s:443    .bss.paw_feedback_data:00000000 paw_feedback_data
C:\Users\Sive\AppData\Local\Temp\ccnZlzhy.s:445    .bss.paw_sub:00000000 $d
C:\Users\Sive\AppData\Local\Temp\ccnZlzhy.s:451    .bss.paw_cmd_recv:00000000 $d
C:\Users\Sive\AppData\Local\Temp\ccnZlzhy.s:457    .bss.paw_pub:00000000 $d
C:\Users\Sive\AppData\Local\Temp\ccnZlzhy.s:463    .bss.paw2:00000000 $d
C:\Users\Sive\AppData\Local\Temp\ccnZlzhy.s:469    .bss.paw1:00000000 $d
C:\Users\Sive\AppData\Local\Temp\ccnZlzhy.s:475    .bss.paw0:00000000 $d

UNDEFINED SYMBOLS
memset
DJIMotorInit
PubRegister
SubRegister
hcan1
SubGetMessage
DJIMotorStop
DJIMotorOuterLoop
DJIMotorSetRef
DJIMotorEnable
PubPushMessage
