ARM GAS  C:\Users\Sive\AppData\Local\Temp\ccPgAXUM.s 			page 1


   1              		.cpu cortex-m4
   2              		.arch armv7e-m
   3              		.fpu fpv4-sp-d16
   4              		.eabi_attribute 27, 1
   5              		.eabi_attribute 28, 1
   6              		.eabi_attribute 20, 1
   7              		.eabi_attribute 21, 1
   8              		.eabi_attribute 23, 3
   9              		.eabi_attribute 24, 1
  10              		.eabi_attribute 25, 1
  11              		.eabi_attribute 26, 1
  12              		.eabi_attribute 30, 1
  13              		.eabi_attribute 34, 1
  14              		.eabi_attribute 18, 4
  15              		.file	"robot_cmd.c"
  16              		.text
  17              	.Ltext0:
  18              		.cfi_sections	.debug_frame
  19              		.file 1 "application/cmd/robot_cmd.c"
  20              		.section	.text.EmergencyHandler,"ax",%progbits
  21              		.align	1
  22              		.syntax unified
  23              		.thumb
  24              		.thumb_func
  26              	EmergencyHandler:
  27              	.LFB171:
   1:application/cmd/robot_cmd.c **** // app
   2:application/cmd/robot_cmd.c **** #include "robot_def.h"
   3:application/cmd/robot_cmd.c **** #include "robot_cmd.h"
   4:application/cmd/robot_cmd.c **** // module
   5:application/cmd/robot_cmd.c **** #include "remote_control.h"
   6:application/cmd/robot_cmd.c **** #include "ins_task.h"
   7:application/cmd/robot_cmd.c **** // #include "master_process.h"--è§†è§‰
   8:application/cmd/robot_cmd.c **** #include "message_center.h"
   9:application/cmd/robot_cmd.c **** #include "general_def.h"
  10:application/cmd/robot_cmd.c **** #include "dji_motor.h"
  11:application/cmd/robot_cmd.c **** // bsp
  12:application/cmd/robot_cmd.c **** #include "bsp_dwt.h"
  13:application/cmd/robot_cmd.c **** #include "bsp_log.h"
  14:application/cmd/robot_cmd.c **** 
  15:application/cmd/robot_cmd.c **** #ifdef ONE_BOARD
  16:application/cmd/robot_cmd.c **** static Subscriber_t *chassis_feed_sub; // åº•ç›˜åé¦ˆä¿¡æ¯è®¢é˜…è€…
  17:application/cmd/robot_cmd.c **** static Publisher_t *chassis_cmd_pub;   // åº•ç›˜æ§åˆ¶æ¶ˆæ¯å‘å¸ƒè€…
  18:application/cmd/robot_cmd.c **** #endif                                 // ONE_BOARD
  19:application/cmd/robot_cmd.c **** static Chassis_Ctrl_Cmd_s chassis_cmd_send;      // å‘é€ç»™åº•ç›˜åº”ç”¨çš„ä¿¡æ¯,åŒ…æ‹¬æ§åˆ¶ä¿¡æ
  20:application/cmd/robot_cmd.c **** static Chassis_Upload_Data_s chassis_fetch_data; // ä»åº•ç›˜åº”ç”¨æ¥æ”¶çš„åé¦ˆä¿¡æ¯ä¿¡æ¯,åº•ç
  21:application/cmd/robot_cmd.c **** 
  22:application/cmd/robot_cmd.c **** static RC_ctrl_t *rc_data;              // é¥æ§å™¨æ•°æ®,åˆå§‹åŒ–æ—¶è¿”å›
  23:application/cmd/robot_cmd.c **** 
  24:application/cmd/robot_cmd.c **** static Publisher_t *paw_cmd_pub;           // å‘å°„æ§åˆ¶æ¶ˆæ¯å‘å¸ƒè€…
  25:application/cmd/robot_cmd.c **** static Subscriber_t *paw_feed_sub;         // å‘å°„åé¦ˆä¿¡æ¯è®¢é˜…è€…
  26:application/cmd/robot_cmd.c **** static Paw_Ctrl_Cmd_s paw_cmd_send;      // ä¼ é€’ç»™å‘å°„çš„æ§åˆ¶ä¿¡æ¯
  27:application/cmd/robot_cmd.c **** static Paw_Upload_Data_s paw_fetch_data; // ä»å‘å°„è·å–çš„åé¦ˆä¿¡æ¯
  28:application/cmd/robot_cmd.c **** 
  29:application/cmd/robot_cmd.c **** static Publisher_t *shoot_cmd_pub;           // å‘å°„æ§åˆ¶æ¶ˆæ¯å‘å¸ƒè€…
  30:application/cmd/robot_cmd.c **** static Subscriber_t *shoot_feed_sub;         // å‘å°„åé¦ˆä¿¡æ¯è®¢é˜…è€…
  31:application/cmd/robot_cmd.c **** static Shoot_Ctrl_Cmd_s shoot_cmd_send;      // ä¼ é€’ç»™å‘å°„çš„æ§åˆ¶ä¿¡æ¯
ARM GAS  C:\Users\Sive\AppData\Local\Temp\ccPgAXUM.s 			page 2


  32:application/cmd/robot_cmd.c **** static Shoot_Upload_Data_s shoot_fetch_data; // ä»å‘å°„è·å–çš„åé¦ˆä¿¡æ¯
  33:application/cmd/robot_cmd.c **** 
  34:application/cmd/robot_cmd.c **** static Robot_Status_e robot_state; // æœºå™¨äººæ•´ä½“å·¥ä½œçŠ¶æ€
  35:application/cmd/robot_cmd.c **** 
  36:application/cmd/robot_cmd.c **** void RobotCMDInit()
  37:application/cmd/robot_cmd.c **** {
  38:application/cmd/robot_cmd.c ****     rc_data = RemoteControlInit(&huart3);   // ä¿®æ”¹ä¸ºå¯¹åº”ä¸²å£,æ³¨æ„å¦‚æœæ˜¯è‡ªç ”æ¿dbuså
  39:application/cmd/robot_cmd.c ****     // vision_recv_data = VisionInit(&huart1); // è§†è§‰é€šä¿¡ä¸²å£
  40:application/cmd/robot_cmd.c **** 
  41:application/cmd/robot_cmd.c ****     // gimbal_cmd_pub = PubRegister("gimbal_cmd", sizeof(Gimbal_Ctrl_Cmd_s));
  42:application/cmd/robot_cmd.c ****     // gimbal_feed_sub = SubRegister("gimbal_feed", sizeof(Gimbal_Upload_Data_s));
  43:application/cmd/robot_cmd.c ****     paw_cmd_pub = PubRegister("paw_cmd", sizeof(Paw_Ctrl_Cmd_s));
  44:application/cmd/robot_cmd.c ****     paw_feed_sub = SubRegister("paw_feed", sizeof(Paw_Upload_Data_s));
  45:application/cmd/robot_cmd.c ****      shoot_cmd_pub = PubRegister("shoot_cmd", sizeof(Shoot_Ctrl_Cmd_s));
  46:application/cmd/robot_cmd.c ****     shoot_feed_sub = SubRegister("shoot_feed", sizeof(Shoot_Upload_Data_s));
  47:application/cmd/robot_cmd.c ****      
  48:application/cmd/robot_cmd.c **** 
  49:application/cmd/robot_cmd.c **** #ifdef ONE_BOARD //  åŒæ¿å…¼å®¹
  50:application/cmd/robot_cmd.c ****     chassis_cmd_pub = PubRegister("chassis_cmd", sizeof(Chassis_Ctrl_Cmd_s));
  51:application/cmd/robot_cmd.c ****     chassis_feed_sub = SubRegister("chassis_feed", sizeof(Chassis_Upload_Data_s));
  52:application/cmd/robot_cmd.c **** #endif // ONE_BOARD
  53:application/cmd/robot_cmd.c **** #ifdef GIMBAL_BOARD
  54:application/cmd/robot_cmd.c ****     CANComm_Init_Config_s comm_conf = {
  55:application/cmd/robot_cmd.c ****         .can_config = {
  56:application/cmd/robot_cmd.c ****             .can_handle = &hcan1,
  57:application/cmd/robot_cmd.c ****             .tx_id = 0x312,
  58:application/cmd/robot_cmd.c ****             .rx_id = 0x311,
  59:application/cmd/robot_cmd.c ****         },
  60:application/cmd/robot_cmd.c ****         .recv_data_len = sizeof(Chassis_Upload_Data_s),
  61:application/cmd/robot_cmd.c ****         .send_data_len = sizeof(Chassis_Ctrl_Cmd_s),
  62:application/cmd/robot_cmd.c ****     };
  63:application/cmd/robot_cmd.c ****     cmd_can_comm = CANCommInit(&comm_conf);
  64:application/cmd/robot_cmd.c **** #endif // GIMBAL_BOARD
  65:application/cmd/robot_cmd.c ****     // gimbal_cmd_send.pitch = 0;--äº‘å°
  66:application/cmd/robot_cmd.c **** 
  67:application/cmd/robot_cmd.c ****     robot_state = ROBOT_READY; // å¯åŠ¨æ—¶æœºå™¨äººè¿›å…¥å·¥ä½œæ¨¡å¼,åç»­åŠ å…¥æ‰€æœ‰åº”ç”¨åˆå
  68:application/cmd/robot_cmd.c **** }
  69:application/cmd/robot_cmd.c **** 
  70:application/cmd/robot_cmd.c **** static void EmergencyHandler()//----è®¾ç½®æ€¥åœ
  71:application/cmd/robot_cmd.c **** {
  28              		.loc 1 71 1 view -0
  29              		.cfi_startproc
  30              		@ args = 0, pretend = 0, frame = 0
  31              		@ frame_needed = 0, uses_anonymous_args = 0
  32              		@ link register save eliminated.
  72:application/cmd/robot_cmd.c ****     // æ‹¨è½®çš„å‘ä¸‹æ‹¨è¶…è¿‡ä¸€åŠè¿›å…¥æ€¥åœæ¨¡å¼.æ³¨æ„å‘æ‰“æ—¶ä¸‹æ‹¨è½®æ˜¯æ­£
  73:application/cmd/robot_cmd.c ****     if (rc_data[TEMP].rc.SE < 0 || robot_state == ROBOT_STOP) // è¿˜éœ€æ·»åŠ é‡è¦åº”ç”¨å’Œæ¨¡å—ç
  33              		.loc 1 73 5 view .LVU1
  34              		.loc 1 73 16 is_stmt 0 view .LVU2
  35 0000 114B     		ldr	r3, .L5
  36 0002 1A68     		ldr	r2, [r3]
  37              		.loc 1 73 25 view .LVU3
  38 0004 B2F90A30 		ldrsh	r3, [r2, #10]
  39              		.loc 1 73 8 view .LVU4
  40 0008 002B     		cmp	r3, #0
  41 000a 02DB     		blt	.L2
  42              		.loc 1 73 48 discriminator 1 view .LVU5
ARM GAS  C:\Users\Sive\AppData\Local\Temp\ccPgAXUM.s 			page 3


  43 000c 0F4B     		ldr	r3, .L5+4
  44 000e 1B78     		ldrb	r3, [r3]	@ zero_extendqisi2
  45              		.loc 1 73 33 discriminator 1 view .LVU6
  46 0010 53B9     		cbnz	r3, .L3
  47              	.L2:
  74:application/cmd/robot_cmd.c ****     {
  75:application/cmd/robot_cmd.c ****         robot_state = ROBOT_STOP;
  48              		.loc 1 75 9 is_stmt 1 view .LVU7
  49              		.loc 1 75 21 is_stmt 0 view .LVU8
  50 0012 0023     		movs	r3, #0
  51 0014 0D49     		ldr	r1, .L5+4
  52 0016 0B70     		strb	r3, [r1]
  76:application/cmd/robot_cmd.c ****         // gimbal_cmd_send.gimbal_mode = GIMBAL_ZERO_FORCE;
  77:application/cmd/robot_cmd.c ****         chassis_cmd_send.chassis_mode = CHASSIS_ZERO_FORCE;
  53              		.loc 1 77 9 is_stmt 1 view .LVU9
  54              		.loc 1 77 39 is_stmt 0 view .LVU10
  55 0018 0D49     		ldr	r1, .L5+8
  56 001a 0B75     		strb	r3, [r1, #20]
  78:application/cmd/robot_cmd.c ****         paw_cmd_send.paw_mode = Paw_OFF;
  57              		.loc 1 78 9 is_stmt 1 view .LVU11
  58              		.loc 1 78 31 is_stmt 0 view .LVU12
  59 001c 0D49     		ldr	r1, .L5+12
  60 001e CB70     		strb	r3, [r1, #3]
  79:application/cmd/robot_cmd.c ****         shoot_cmd_send.friction_mode = FRICTION_OFF;
  61              		.loc 1 79 9 is_stmt 1 view .LVU13
  62              		.loc 1 79 38 is_stmt 0 view .LVU14
  63 0020 0D49     		ldr	r1, .L5+16
  64 0022 CB70     		strb	r3, [r1, #3]
  80:application/cmd/robot_cmd.c ****         shoot_cmd_send.load_mode = LOAD_STOP;
  65              		.loc 1 80 9 is_stmt 1 view .LVU15
  66              		.loc 1 80 34 is_stmt 0 view .LVU16
  67 0024 4B70     		strb	r3, [r1, #1]
  81:application/cmd/robot_cmd.c ****         shoot_cmd_send.shoot_mode = SHOOT_OFF;
  68              		.loc 1 81 9 is_stmt 1 view .LVU17
  69              		.loc 1 81 35 is_stmt 0 view .LVU18
  70 0026 0B70     		strb	r3, [r1]
  71              	.L3:
  82:application/cmd/robot_cmd.c ****          LOGERROR("[CMD] emergency stop!");
  72              		.loc 1 82 43 is_stmt 1 view .LVU19
  83:application/cmd/robot_cmd.c ****     }
  84:application/cmd/robot_cmd.c ****     // é¥æ§å™¨å³ä¾§å¼€å…³ä¸º[ä¸Š],æ¢å¤æ­£å¸¸è¿è¡Œ
  85:application/cmd/robot_cmd.c ****     if ( rc_data[TEMP].rc.SE>=0)
  73              		.loc 1 85 5 view .LVU20
  74              		.loc 1 85 26 is_stmt 0 view .LVU21
  75 0028 B2F90A30 		ldrsh	r3, [r2, #10]
  76              		.loc 1 85 8 view .LVU22
  77 002c 002B     		cmp	r3, #0
  78 002e 09DB     		blt	.L1
  86:application/cmd/robot_cmd.c ****     {   
  87:application/cmd/robot_cmd.c ****         shoot_cmd_send.friction_mode = FRICTION_ON;
  79              		.loc 1 87 9 is_stmt 1 view .LVU23
  80              		.loc 1 87 38 is_stmt 0 view .LVU24
  81 0030 094A     		ldr	r2, .L5+16
  82 0032 0123     		movs	r3, #1
  83 0034 D370     		strb	r3, [r2, #3]
  88:application/cmd/robot_cmd.c ****         shoot_cmd_send.shoot_mode = SHOOT_ON;
  84              		.loc 1 88 9 is_stmt 1 view .LVU25
ARM GAS  C:\Users\Sive\AppData\Local\Temp\ccPgAXUM.s 			page 4


  85              		.loc 1 88 35 is_stmt 0 view .LVU26
  86 0036 1370     		strb	r3, [r2]
  89:application/cmd/robot_cmd.c ****         robot_state = ROBOT_READY;
  87              		.loc 1 89 9 is_stmt 1 view .LVU27
  88              		.loc 1 89 21 is_stmt 0 view .LVU28
  89 0038 044A     		ldr	r2, .L5+4
  90 003a 1370     		strb	r3, [r2]
  90:application/cmd/robot_cmd.c ****         chassis_cmd_send.chassis_mode = CHASSIS_ROTATE;
  91              		.loc 1 90 9 is_stmt 1 view .LVU29
  92              		.loc 1 90 39 is_stmt 0 view .LVU30
  93 003c 044A     		ldr	r2, .L5+8
  94 003e 1375     		strb	r3, [r2, #20]
  91:application/cmd/robot_cmd.c ****         paw_cmd_send.paw_mode = Paw_ON;
  95              		.loc 1 91 9 is_stmt 1 view .LVU31
  96              		.loc 1 91 31 is_stmt 0 view .LVU32
  97 0040 044A     		ldr	r2, .L5+12
  98 0042 D370     		strb	r3, [r2, #3]
  92:application/cmd/robot_cmd.c ****          LOGINFO("[CMD] reinstate, robot ready");
  99              		.loc 1 92 49 is_stmt 1 view .LVU33
 100              	.L1:
  93:application/cmd/robot_cmd.c ****     }
  94:application/cmd/robot_cmd.c **** }
 101              		.loc 1 94 1 is_stmt 0 view .LVU34
 102 0044 7047     		bx	lr
 103              	.L6:
 104 0046 00BF     		.align	2
 105              	.L5:
 106 0048 00000000 		.word	rc_data
 107 004c 00000000 		.word	robot_state
 108 0050 00000000 		.word	chassis_cmd_send
 109 0054 00000000 		.word	paw_cmd_send
 110 0058 00000000 		.word	shoot_cmd_send
 111              		.cfi_endproc
 112              	.LFE171:
 114              		.section	.text.RemoteControlSet,"ax",%progbits
 115              		.align	1
 116              		.syntax unified
 117              		.thumb
 118              		.thumb_func
 120              	RemoteControlSet:
 121              	.LFB172:
  95:application/cmd/robot_cmd.c **** /**
  96:application/cmd/robot_cmd.c ****  * @brief æ§åˆ¶è¾“å…¥ä¸ºé¥æ§å™¨(è°ƒè¯•æ—¶)çš„æ¨¡å¼å’Œæ§åˆ¶é‡è®¾ç½®
  97:application/cmd/robot_cmd.c ****  *
  98:application/cmd/robot_cmd.c ****  */
  99:application/cmd/robot_cmd.c **** static void RemoteControlSet()
 100:application/cmd/robot_cmd.c **** {
 122              		.loc 1 100 1 is_stmt 1 view -0
 123              		.cfi_startproc
 124              		@ args = 0, pretend = 0, frame = 0
 125              		@ frame_needed = 0, uses_anonymous_args = 0
 126              		@ link register save eliminated.
 101:application/cmd/robot_cmd.c ****     // æ§åˆ¶åº•ç›˜å’Œäº‘å°è¿è¡Œæ¨¡å¼,äº‘å°å¾…æ·»åŠ ,äº‘å°æ˜¯å¦å§‹ç»ˆä½¿ç”¨IMUæ•°æ®?
 102:application/cmd/robot_cmd.c ****     // if (rc_data[TEMP].rc.SE>=0) // å³ä¾§å¼€å…³çŠ¶æ€[ä¸‹],åº•ç›˜è·Ÿéšäº‘å°
 103:application/cmd/robot_cmd.c ****     // {
 104:application/cmd/robot_cmd.c ****         
 105:application/cmd/robot_cmd.c ****         // gimbal_cmd_send.gimbal_mode = GIMBAL_GYRO_MODE;
ARM GAS  C:\Users\Sive\AppData\Local\Temp\ccPgAXUM.s 			page 5


 106:application/cmd/robot_cmd.c ****     // }
 107:application/cmd/robot_cmd.c ****     // else if (switch_is_mid(rc_data[TEMP].rc.switch_right)) // å³ä¾§å¼€å…³çŠ¶æ€[ä¸­],åº•ç›˜å’Œä
 108:application/cmd/robot_cmd.c ****     // {
 109:application/cmd/robot_cmd.c ****         // chassis_cmd_send.chassis_mode = CHASSIS_NO_FOLLOW;
 110:application/cmd/robot_cmd.c ****         // gimbal_cmd_send.gimbal_mode = GIMBAL_FREE_MODE;
 111:application/cmd/robot_cmd.c ****     // }
 112:application/cmd/robot_cmd.c **** 
 113:application/cmd/robot_cmd.c ****     // äº‘å°å‚æ•°,ç¡®å®šäº‘å°æ§åˆ¶æ•°æ®
 114:application/cmd/robot_cmd.c ****     // if (switch_is_mid(rc_data[TEMP].rc.switch_left)) // å·¦ä¾§å¼€å…³çŠ¶æ€ä¸º[ä¸­],è§†è§‰æ¨¡å¼
 115:application/cmd/robot_cmd.c ****     // {
 116:application/cmd/robot_cmd.c ****         // å¾…æ·»åŠ ,è§†è§‰ä¼šå‘æ¥å’Œç›®æ ‡çš„è¯¯å·®,åŒæ ·å°†å…¶è½¬åŒ–ä¸ºtotal angleçš„å¢é‡è¿›
 117:application/cmd/robot_cmd.c ****         // ...
 118:application/cmd/robot_cmd.c ****     // }
 119:application/cmd/robot_cmd.c ****     // // å·¦ä¾§å¼€å…³çŠ¶æ€ä¸º[ä¸‹],æˆ–è§†è§‰æœªè¯†åˆ«åˆ°ç›®æ ‡,çº¯é¥æ§å™¨æ‹¨æ†æ§åˆ¶
 120:application/cmd/robot_cmd.c ****     // if (switch_is_down(rc_data[TEMP].rc.switch_left) || vision_recv_data->target_state == NO_TAR
 121:application/cmd/robot_cmd.c ****     // { // æŒ‰ç…§æ‘‡æ†çš„è¾“å‡ºå¤§å°è¿›è¡Œè§’åº¦å¢é‡,å¢ç›Šç³»æ•°éœ€è°ƒæ•´
 122:application/cmd/robot_cmd.c ****     //     gimbal_cmd_send.yaw += 0.005f * (float)rc_data[TEMP].rc.rocker_l_;
 123:application/cmd/robot_cmd.c ****     //     gimbal_cmd_send.pitch += 0.001f * (float)rc_data[TEMP].rc.rocker_l1;
 124:application/cmd/robot_cmd.c ****     // }
 125:application/cmd/robot_cmd.c ****     // paw 0
 126:application/cmd/robot_cmd.c ****     if(rc_data[TEMP].rc.SA<500){
 127              		.loc 1 126 5 view .LVU36
 128              		.loc 1 126 15 is_stmt 0 view .LVU37
 129 0000 434B     		ldr	r3, .L23
 130 0002 1B68     		ldr	r3, [r3]
 131              		.loc 1 126 24 view .LVU38
 132 0004 B3F91020 		ldrsh	r2, [r3, #16]
 133              		.loc 1 126 7 view .LVU39
 134 0008 B2F5FA7F 		cmp	r2, #500
 135 000c 4EDA     		bge	.L8
 127:application/cmd/robot_cmd.c ****         paw_cmd_send.paw0location=up;
 136              		.loc 1 127 9 is_stmt 1 view .LVU40
 137              		.loc 1 127 34 is_stmt 0 view .LVU41
 138 000e 414A     		ldr	r2, .L23+4
 139 0010 0021     		movs	r1, #0
 140 0012 1170     		strb	r1, [r2]
 141              	.L9:
 128:application/cmd/robot_cmd.c ****     }else
 129:application/cmd/robot_cmd.c ****     if(rc_data[TEMP].rc.SA>1500){
 130:application/cmd/robot_cmd.c ****         paw_cmd_send.paw0location=down;
 131:application/cmd/robot_cmd.c ****     }else{
 132:application/cmd/robot_cmd.c ****         paw_cmd_send.paw0location=stand;
 133:application/cmd/robot_cmd.c ****     } 
 134:application/cmd/robot_cmd.c ****     // paw 1
 135:application/cmd/robot_cmd.c ****     if(rc_data[TEMP].rc.SB<500){
 142              		.loc 1 135 5 is_stmt 1 view .LVU42
 143              		.loc 1 135 24 is_stmt 0 view .LVU43
 144 0014 B3F91220 		ldrsh	r2, [r3, #18]
 145              		.loc 1 135 7 view .LVU44
 146 0018 B2F5FA7F 		cmp	r2, #500
 147 001c 52DA     		bge	.L11
 136:application/cmd/robot_cmd.c ****         paw_cmd_send.paw1location=up;
 148              		.loc 1 136 9 is_stmt 1 view .LVU45
 149              		.loc 1 136 34 is_stmt 0 view .LVU46
 150 001e 3D4A     		ldr	r2, .L23+4
 151 0020 0021     		movs	r1, #0
 152 0022 5170     		strb	r1, [r2, #1]
ARM GAS  C:\Users\Sive\AppData\Local\Temp\ccPgAXUM.s 			page 6


 153              	.L12:
 137:application/cmd/robot_cmd.c ****     }
 138:application/cmd/robot_cmd.c ****     else if
 139:application/cmd/robot_cmd.c ****     (rc_data[TEMP].rc.SB>1500){
 140:application/cmd/robot_cmd.c ****         paw_cmd_send.paw1location=down;
 141:application/cmd/robot_cmd.c ****     }else {
 142:application/cmd/robot_cmd.c ****         paw_cmd_send.paw1location=stand;
 143:application/cmd/robot_cmd.c ****     }
 144:application/cmd/robot_cmd.c ****     // paw 2    
 145:application/cmd/robot_cmd.c ****     if(rc_data[TEMP].rc.SC<500){
 154              		.loc 1 145 5 is_stmt 1 view .LVU47
 155              		.loc 1 145 24 is_stmt 0 view .LVU48
 156 0024 B3F91420 		ldrsh	r2, [r3, #20]
 157              		.loc 1 145 7 view .LVU49
 158 0028 B2F5FA7F 		cmp	r2, #500
 159 002c 56DA     		bge	.L14
 146:application/cmd/robot_cmd.c ****         paw_cmd_send.paw2location=up;
 160              		.loc 1 146 9 is_stmt 1 view .LVU50
 161              		.loc 1 146 34 is_stmt 0 view .LVU51
 162 002e 394A     		ldr	r2, .L23+4
 163 0030 0021     		movs	r1, #0
 164 0032 9170     		strb	r1, [r2, #2]
 165              	.L15:
 147:application/cmd/robot_cmd.c ****     }
 148:application/cmd/robot_cmd.c ****     else if
 149:application/cmd/robot_cmd.c ****     (rc_data[TEMP].rc.SC>1500){
 150:application/cmd/robot_cmd.c ****         paw_cmd_send.paw2location=down;
 151:application/cmd/robot_cmd.c ****     }else {
 152:application/cmd/robot_cmd.c ****         paw_cmd_send.paw2location=stand;
 153:application/cmd/robot_cmd.c ****     }
 154:application/cmd/robot_cmd.c **** 
 155:application/cmd/robot_cmd.c ****     if(rc_data[TEMP].rc.SD>600){
 166              		.loc 1 155 5 is_stmt 1 view .LVU52
 167              		.loc 1 155 24 is_stmt 0 view .LVU53
 168 0034 B3F91620 		ldrsh	r2, [r3, #22]
 169              		.loc 1 155 7 view .LVU54
 170 0038 B2F5167F 		cmp	r2, #600
 171 003c 5ADD     		ble	.L17
 156:application/cmd/robot_cmd.c ****         shoot_cmd_send.load_mode=LOAD_1_BULLET;
 172              		.loc 1 156 9 is_stmt 1 view .LVU55
 173              		.loc 1 156 33 is_stmt 0 view .LVU56
 174 003e 364A     		ldr	r2, .L23+8
 175 0040 0221     		movs	r1, #2
 176 0042 5170     		strb	r1, [r2, #1]
 177              	.L18:
 157:application/cmd/robot_cmd.c ****     }else{
 158:application/cmd/robot_cmd.c ****         shoot_cmd_send.load_mode=LOAD_STOP;
 159:application/cmd/robot_cmd.c ****     }
 160:application/cmd/robot_cmd.c **** 
 161:application/cmd/robot_cmd.c **** 
 162:application/cmd/robot_cmd.c ****     // åº•ç›˜å‚æ•°,ç›®å‰æ²¡æœ‰åŠ å…¥å°é™€èº(è°ƒè¯•ä¼¼ä¹æš‚æ—¶æ²¡æœ‰å¿…è¦),ç³»æ•°éœ€è¦è°ƒæ•´
 163:application/cmd/robot_cmd.c ****     chassis_cmd_send.vx = 10.0f * (float)rc_data[TEMP].rc.rocker_r_; // _æ°´å¹³æ–¹å‘
 178              		.loc 1 163 5 is_stmt 1 view .LVU57
 179              		.loc 1 163 58 is_stmt 0 view .LVU58
 180 0044 B3F90420 		ldrsh	r2, [r3, #4]
 181 0048 07EE902A 		vmov	s15, r2	@ int
 182              		.loc 1 163 35 view .LVU59
ARM GAS  C:\Users\Sive\AppData\Local\Temp\ccPgAXUM.s 			page 7


 183 004c F8EEE77A 		vcvt.f32.s32	s15, s15
 184              		.loc 1 163 33 view .LVU60
 185 0050 B2EE047A 		vmov.f32	s14, #1.0e+1
 186 0054 67EE877A 		vmul.f32	s15, s15, s14
 187              		.loc 1 163 25 view .LVU61
 188 0058 304A     		ldr	r2, .L23+12
 189 005a C2ED007A 		vstr.32	s15, [r2]
 164:application/cmd/robot_cmd.c ****     chassis_cmd_send.vy = 10.0f * (float)rc_data[TEMP].rc.rocker_r1; // 1æ•°å€¼æ–¹å‘
 190              		.loc 1 164 5 is_stmt 1 view .LVU62
 191              		.loc 1 164 58 is_stmt 0 view .LVU63
 192 005e B3F90610 		ldrsh	r1, [r3, #6]
 193 0062 07EE901A 		vmov	s15, r1	@ int
 194              		.loc 1 164 35 view .LVU64
 195 0066 F8EEE77A 		vcvt.f32.s32	s15, s15
 196              		.loc 1 164 33 view .LVU65
 197 006a 67EE877A 		vmul.f32	s15, s15, s14
 198              		.loc 1 164 25 view .LVU66
 199 006e C2ED017A 		vstr.32	s15, [r2, #4]
 165:application/cmd/robot_cmd.c ****      chassis_cmd_send.wz = 10.0f * (float)rc_data[TEMP].rc.rocker_l_;
 200              		.loc 1 165 6 is_stmt 1 view .LVU67
 201              		.loc 1 165 59 is_stmt 0 view .LVU68
 202 0072 B3F90010 		ldrsh	r1, [r3]
 203 0076 07EE901A 		vmov	s15, r1	@ int
 204              		.loc 1 165 36 view .LVU69
 205 007a F8EEE77A 		vcvt.f32.s32	s15, s15
 206              		.loc 1 165 34 view .LVU70
 207 007e 67EE877A 		vmul.f32	s15, s15, s14
 208              		.loc 1 165 26 view .LVU71
 209 0082 C2ED027A 		vstr.32	s15, [r2, #8]
 166:application/cmd/robot_cmd.c ****       // æ—‹è½¬æ–¹å‘
 167:application/cmd/robot_cmd.c **** 
 168:application/cmd/robot_cmd.c ****     if(rc_data[TEMP].rc.SG>800){
 210              		.loc 1 168 5 is_stmt 1 view .LVU72
 211              		.loc 1 168 24 is_stmt 0 view .LVU73
 212 0086 B3F90E20 		ldrsh	r2, [r3, #14]
 213              		.loc 1 168 7 view .LVU74
 214 008a B2F5487F 		cmp	r2, #800
 215 008e 35DD     		ble	.L19
 169:application/cmd/robot_cmd.c ****        
 170:application/cmd/robot_cmd.c ****         shoot_cmd_send.shoot_rate1=60.0f*124;
 216              		.loc 1 170 9 is_stmt 1 view .LVU75
 217              		.loc 1 170 35 is_stmt 0 view .LVU76
 218 0090 2349     		ldr	r1, .L23+16
 219 0092 214A     		ldr	r2, .L23+8
 220 0094 C2F80510 		str	r1, [r2, #5]	@ unaligned
 221              	.L20:
 171:application/cmd/robot_cmd.c ****         
 172:application/cmd/robot_cmd.c ****     }else{
 173:application/cmd/robot_cmd.c ****         shoot_cmd_send.shoot_rate1=0;
 174:application/cmd/robot_cmd.c ****         
 175:application/cmd/robot_cmd.c ****     }
 176:application/cmd/robot_cmd.c ****     if(rc_data[TEMP].rc.SF>800){
 222              		.loc 1 176 5 is_stmt 1 view .LVU77
 223              		.loc 1 176 24 is_stmt 0 view .LVU78
 224 0098 B3F90830 		ldrsh	r3, [r3, #8]
 225              		.loc 1 176 7 view .LVU79
 226 009c B3F5487F 		cmp	r3, #800
ARM GAS  C:\Users\Sive\AppData\Local\Temp\ccPgAXUM.s 			page 8


 227 00a0 31DD     		ble	.L21
 177:application/cmd/robot_cmd.c ****         shoot_cmd_send.shoot_rate2= -60.0f *924;
 228              		.loc 1 177 9 is_stmt 1 view .LVU80
 229              		.loc 1 177 35 is_stmt 0 view .LVU81
 230 00a2 204A     		ldr	r2, .L23+20
 231 00a4 1C4B     		ldr	r3, .L23+8
 232 00a6 C3F80920 		str	r2, [r3, #9]	@ unaligned
 233 00aa 7047     		bx	lr
 234              	.L8:
 129:application/cmd/robot_cmd.c ****         paw_cmd_send.paw0location=down;
 235              		.loc 1 129 5 is_stmt 1 view .LVU82
 129:application/cmd/robot_cmd.c ****         paw_cmd_send.paw0location=down;
 236              		.loc 1 129 7 is_stmt 0 view .LVU83
 237 00ac 40F2DC51 		movw	r1, #1500
 238 00b0 8A42     		cmp	r2, r1
 239 00b2 03DD     		ble	.L10
 130:application/cmd/robot_cmd.c ****     }else{
 240              		.loc 1 130 9 is_stmt 1 view .LVU84
 130:application/cmd/robot_cmd.c ****     }else{
 241              		.loc 1 130 34 is_stmt 0 view .LVU85
 242 00b4 174A     		ldr	r2, .L23+4
 243 00b6 0121     		movs	r1, #1
 244 00b8 1170     		strb	r1, [r2]
 245 00ba ABE7     		b	.L9
 246              	.L10:
 132:application/cmd/robot_cmd.c ****     } 
 247              		.loc 1 132 9 is_stmt 1 view .LVU86
 132:application/cmd/robot_cmd.c ****     } 
 248              		.loc 1 132 34 is_stmt 0 view .LVU87
 249 00bc 154A     		ldr	r2, .L23+4
 250 00be 0221     		movs	r1, #2
 251 00c0 1170     		strb	r1, [r2]
 252 00c2 A7E7     		b	.L9
 253              	.L11:
 138:application/cmd/robot_cmd.c ****     (rc_data[TEMP].rc.SB>1500){
 254              		.loc 1 138 10 is_stmt 1 view .LVU88
 139:application/cmd/robot_cmd.c ****         paw_cmd_send.paw1location=down;
 255              		.loc 1 139 5 is_stmt 0 view .LVU89
 256 00c4 40F2DC51 		movw	r1, #1500
 257 00c8 8A42     		cmp	r2, r1
 258 00ca 03DD     		ble	.L13
 140:application/cmd/robot_cmd.c ****     }else {
 259              		.loc 1 140 9 is_stmt 1 view .LVU90
 140:application/cmd/robot_cmd.c ****     }else {
 260              		.loc 1 140 34 is_stmt 0 view .LVU91
 261 00cc 114A     		ldr	r2, .L23+4
 262 00ce 0121     		movs	r1, #1
 263 00d0 5170     		strb	r1, [r2, #1]
 264 00d2 A7E7     		b	.L12
 265              	.L13:
 142:application/cmd/robot_cmd.c ****     }
 266              		.loc 1 142 9 is_stmt 1 view .LVU92
 142:application/cmd/robot_cmd.c ****     }
 267              		.loc 1 142 34 is_stmt 0 view .LVU93
 268 00d4 0F4A     		ldr	r2, .L23+4
 269 00d6 0221     		movs	r1, #2
 270 00d8 5170     		strb	r1, [r2, #1]
ARM GAS  C:\Users\Sive\AppData\Local\Temp\ccPgAXUM.s 			page 9


 271 00da A3E7     		b	.L12
 272              	.L14:
 148:application/cmd/robot_cmd.c ****     (rc_data[TEMP].rc.SC>1500){
 273              		.loc 1 148 10 is_stmt 1 view .LVU94
 149:application/cmd/robot_cmd.c ****         paw_cmd_send.paw2location=down;
 274              		.loc 1 149 5 is_stmt 0 view .LVU95
 275 00dc 40F2DC51 		movw	r1, #1500
 276 00e0 8A42     		cmp	r2, r1
 277 00e2 03DD     		ble	.L16
 150:application/cmd/robot_cmd.c ****     }else {
 278              		.loc 1 150 9 is_stmt 1 view .LVU96
 150:application/cmd/robot_cmd.c ****     }else {
 279              		.loc 1 150 34 is_stmt 0 view .LVU97
 280 00e4 0B4A     		ldr	r2, .L23+4
 281 00e6 0121     		movs	r1, #1
 282 00e8 9170     		strb	r1, [r2, #2]
 283 00ea A3E7     		b	.L15
 284              	.L16:
 152:application/cmd/robot_cmd.c ****     }
 285              		.loc 1 152 9 is_stmt 1 view .LVU98
 152:application/cmd/robot_cmd.c ****     }
 286              		.loc 1 152 34 is_stmt 0 view .LVU99
 287 00ec 094A     		ldr	r2, .L23+4
 288 00ee 0221     		movs	r1, #2
 289 00f0 9170     		strb	r1, [r2, #2]
 290 00f2 9FE7     		b	.L15
 291              	.L17:
 158:application/cmd/robot_cmd.c ****     }
 292              		.loc 1 158 9 is_stmt 1 view .LVU100
 158:application/cmd/robot_cmd.c ****     }
 293              		.loc 1 158 33 is_stmt 0 view .LVU101
 294 00f4 084A     		ldr	r2, .L23+8
 295 00f6 0021     		movs	r1, #0
 296 00f8 5170     		strb	r1, [r2, #1]
 297 00fa A3E7     		b	.L18
 298              	.L19:
 173:application/cmd/robot_cmd.c ****         
 299              		.loc 1 173 9 is_stmt 1 view .LVU102
 173:application/cmd/robot_cmd.c ****         
 300              		.loc 1 173 35 is_stmt 0 view .LVU103
 301 00fc 0021     		movs	r1, #0
 302 00fe 064A     		ldr	r2, .L23+8
 303 0100 C2F80510 		str	r1, [r2, #5]	@ unaligned
 304 0104 C8E7     		b	.L20
 305              	.L21:
 178:application/cmd/robot_cmd.c ****     }else{
 179:application/cmd/robot_cmd.c ****         shoot_cmd_send.shoot_rate2= 0;
 306              		.loc 1 179 9 is_stmt 1 view .LVU104
 307              		.loc 1 179 35 is_stmt 0 view .LVU105
 308 0106 0022     		movs	r2, #0
 309 0108 034B     		ldr	r3, .L23+8
 310 010a C3F80920 		str	r2, [r3, #9]	@ unaligned
 180:application/cmd/robot_cmd.c ****     }
 181:application/cmd/robot_cmd.c ****     // å‘å°„å‚æ•°
 182:application/cmd/robot_cmd.c ****     // if (switch_is_up(rc_data[TEMP].rc.switch_right)) // å³ä¾§å¼€å…³çŠ¶æ€[ä¸Š],å¼¹èˆ±æ‰“å¼€
 183:application/cmd/robot_cmd.c ****     //     ;                                            // å¼¹èˆ±èˆµæœºæ§åˆ¶,å¾…æ·»åŠ servo_motoræ
 184:application/cmd/robot_cmd.c ****     // else
ARM GAS  C:\Users\Sive\AppData\Local\Temp\ccPgAXUM.s 			page 10


 185:application/cmd/robot_cmd.c ****     //     ; // å¼¹èˆ±èˆµæœºæ§åˆ¶,å¾…æ·»åŠ servo_motoræ¨¡å—,å…³é—­
 186:application/cmd/robot_cmd.c **** 
 187:application/cmd/robot_cmd.c ****     //æ‘©æ“¦è½®æ§åˆ¶,æ‹¨è½®å‘ä¸Šæ‰“ä¸ºè´Ÿ,å‘ä¸‹ä¸ºæ­£
 188:application/cmd/robot_cmd.c ****     // if (rc_data[TEMP].rc.dial < -100) // å‘ä¸Šè¶…è¿‡100,æ‰“å¼€æ‘©æ“¦è½®
 189:application/cmd/robot_cmd.c ****     //     shoot_cmd_send.friction_mode = FRICTION_ON;
 190:application/cmd/robot_cmd.c ****     // else
 191:application/cmd/robot_cmd.c ****     //     shoot_cmd_send.friction_mode = FRICTION_OFF;
 192:application/cmd/robot_cmd.c ****     // // æ‹¨å¼¹æ§åˆ¶,é¥æ§å™¨å›ºå®šä¸ºä¸€ç§æ‹¨å¼¹æ¨¡å¼,å¯è‡ªè¡Œé€‰æ‹©
 193:application/cmd/robot_cmd.c ****     // if (rc_data[TEMP].rc.dial < -500)
 194:application/cmd/robot_cmd.c ****     //     shoot_cmd_send.load_mode = LOAD_BURSTFIRE;
 195:application/cmd/robot_cmd.c ****     // else
 196:application/cmd/robot_cmd.c ****     //     shoot_cmd_send.load_mode = LOAD_STOP;
 197:application/cmd/robot_cmd.c ****     // // å°„é¢‘æ§åˆ¶,å›ºå®šæ¯ç§’1å‘,åç»­å¯ä»¥æ ¹æ®å·¦ä¾§æ‹¨è½®çš„å€¼å¤§å°åˆ‡æ¢å°„é¢‘,
 198:application/cmd/robot_cmd.c ****     // shoot_cmd_send.shoot_rate = 8;
 199:application/cmd/robot_cmd.c **** }
 311              		.loc 1 199 1 view .LVU106
 312 010e 7047     		bx	lr
 313              	.L24:
 314              		.align	2
 315              	.L23:
 316 0110 00000000 		.word	rc_data
 317 0114 00000000 		.word	paw_cmd_send
 318 0118 00000000 		.word	shoot_cmd_send
 319 011c 00000000 		.word	chassis_cmd_send
 320 0120 0080E845 		.word	1172865024
 321 0124 009058C7 		.word	-950497280
 322              		.cfi_endproc
 323              	.LFE172:
 325              		.section	.rodata.RobotCMDInit.str1.4,"aMS",%progbits,1
 326              		.align	2
 327              	.LC0:
 328 0000 7061775F 		.ascii	"paw_cmd\000"
 328      636D6400 
 329              		.align	2
 330              	.LC1:
 331 0008 7061775F 		.ascii	"paw_feed\000"
 331      66656564 
 331      00
 332 0011 000000   		.align	2
 333              	.LC2:
 334 0014 73686F6F 		.ascii	"shoot_cmd\000"
 334      745F636D 
 334      6400
 335 001e 0000     		.align	2
 336              	.LC3:
 337 0020 73686F6F 		.ascii	"shoot_feed\000"
 337      745F6665 
 337      656400
 338 002b 00       		.align	2
 339              	.LC4:
 340 002c 63686173 		.ascii	"chassis_cmd\000"
 340      7369735F 
 340      636D6400 
 341              		.align	2
 342              	.LC5:
 343 0038 63686173 		.ascii	"chassis_feed\000"
 343      7369735F 
ARM GAS  C:\Users\Sive\AppData\Local\Temp\ccPgAXUM.s 			page 11


 343      66656564 
 343      00
 344              		.section	.text.RobotCMDInit,"ax",%progbits
 345              		.align	1
 346              		.global	RobotCMDInit
 347              		.syntax unified
 348              		.thumb
 349              		.thumb_func
 351              	RobotCMDInit:
 352              	.LFB170:
  37:application/cmd/robot_cmd.c ****     rc_data = RemoteControlInit(&huart3);   // ä¿®æ”¹ä¸ºå¯¹åº”ä¸²å£,æ³¨æ„å¦‚æœæ˜¯è‡ªç ”æ¿dbuså
 353              		.loc 1 37 1 is_stmt 1 view -0
 354              		.cfi_startproc
 355              		@ args = 0, pretend = 0, frame = 0
 356              		@ frame_needed = 0, uses_anonymous_args = 0
 357 0000 08B5     		push	{r3, lr}
 358              		.cfi_def_cfa_offset 8
 359              		.cfi_offset 3, -8
 360              		.cfi_offset 14, -4
  38:application/cmd/robot_cmd.c ****     // vision_recv_data = VisionInit(&huart1); // è§†è§‰é€šä¿¡ä¸²å£
 361              		.loc 1 38 5 view .LVU108
  38:application/cmd/robot_cmd.c ****     // vision_recv_data = VisionInit(&huart1); // è§†è§‰é€šä¿¡ä¸²å£
 362              		.loc 1 38 15 is_stmt 0 view .LVU109
 363 0002 1648     		ldr	r0, .L27
 364 0004 FFF7FEFF 		bl	RemoteControlInit
 365              	.LVL0:
  38:application/cmd/robot_cmd.c ****     // vision_recv_data = VisionInit(&huart1); // è§†è§‰é€šä¿¡ä¸²å£
 366              		.loc 1 38 13 discriminator 1 view .LVU110
 367 0008 154B     		ldr	r3, .L27+4
 368 000a 1860     		str	r0, [r3]
  43:application/cmd/robot_cmd.c ****     paw_feed_sub = SubRegister("paw_feed", sizeof(Paw_Upload_Data_s));
 369              		.loc 1 43 5 is_stmt 1 view .LVU111
  43:application/cmd/robot_cmd.c ****     paw_feed_sub = SubRegister("paw_feed", sizeof(Paw_Upload_Data_s));
 370              		.loc 1 43 19 is_stmt 0 view .LVU112
 371 000c 0C21     		movs	r1, #12
 372 000e 1548     		ldr	r0, .L27+8
 373 0010 FFF7FEFF 		bl	PubRegister
 374              	.LVL1:
  43:application/cmd/robot_cmd.c ****     paw_feed_sub = SubRegister("paw_feed", sizeof(Paw_Upload_Data_s));
 375              		.loc 1 43 17 discriminator 1 view .LVU113
 376 0014 144B     		ldr	r3, .L27+12
 377 0016 1860     		str	r0, [r3]
  44:application/cmd/robot_cmd.c ****      shoot_cmd_pub = PubRegister("shoot_cmd", sizeof(Shoot_Ctrl_Cmd_s));
 378              		.loc 1 44 5 is_stmt 1 view .LVU114
  44:application/cmd/robot_cmd.c ****      shoot_cmd_pub = PubRegister("shoot_cmd", sizeof(Shoot_Ctrl_Cmd_s));
 379              		.loc 1 44 20 is_stmt 0 view .LVU115
 380 0018 0021     		movs	r1, #0
 381 001a 1448     		ldr	r0, .L27+16
 382 001c FFF7FEFF 		bl	SubRegister
 383              	.LVL2:
  44:application/cmd/robot_cmd.c ****      shoot_cmd_pub = PubRegister("shoot_cmd", sizeof(Shoot_Ctrl_Cmd_s));
 384              		.loc 1 44 18 discriminator 1 view .LVU116
 385 0020 134B     		ldr	r3, .L27+20
 386 0022 1860     		str	r0, [r3]
  45:application/cmd/robot_cmd.c ****     shoot_feed_sub = SubRegister("shoot_feed", sizeof(Shoot_Upload_Data_s));
 387              		.loc 1 45 6 is_stmt 1 view .LVU117
  45:application/cmd/robot_cmd.c ****     shoot_feed_sub = SubRegister("shoot_feed", sizeof(Shoot_Upload_Data_s));
ARM GAS  C:\Users\Sive\AppData\Local\Temp\ccPgAXUM.s 			page 12


 388              		.loc 1 45 22 is_stmt 0 view .LVU118
 389 0024 0D21     		movs	r1, #13
 390 0026 1348     		ldr	r0, .L27+24
 391 0028 FFF7FEFF 		bl	PubRegister
 392              	.LVL3:
  45:application/cmd/robot_cmd.c ****     shoot_feed_sub = SubRegister("shoot_feed", sizeof(Shoot_Upload_Data_s));
 393              		.loc 1 45 20 discriminator 1 view .LVU119
 394 002c 124B     		ldr	r3, .L27+28
 395 002e 1860     		str	r0, [r3]
  46:application/cmd/robot_cmd.c ****      
 396              		.loc 1 46 5 is_stmt 1 view .LVU120
  46:application/cmd/robot_cmd.c ****      
 397              		.loc 1 46 22 is_stmt 0 view .LVU121
 398 0030 0021     		movs	r1, #0
 399 0032 1248     		ldr	r0, .L27+32
 400 0034 FFF7FEFF 		bl	SubRegister
 401              	.LVL4:
  46:application/cmd/robot_cmd.c ****      
 402              		.loc 1 46 20 discriminator 1 view .LVU122
 403 0038 114B     		ldr	r3, .L27+36
 404 003a 1860     		str	r0, [r3]
  50:application/cmd/robot_cmd.c ****     chassis_feed_sub = SubRegister("chassis_feed", sizeof(Chassis_Upload_Data_s));
 405              		.loc 1 50 5 is_stmt 1 view .LVU123
  50:application/cmd/robot_cmd.c ****     chassis_feed_sub = SubRegister("chassis_feed", sizeof(Chassis_Upload_Data_s));
 406              		.loc 1 50 23 is_stmt 0 view .LVU124
 407 003c 1921     		movs	r1, #25
 408 003e 1148     		ldr	r0, .L27+40
 409 0040 FFF7FEFF 		bl	PubRegister
 410              	.LVL5:
  50:application/cmd/robot_cmd.c ****     chassis_feed_sub = SubRegister("chassis_feed", sizeof(Chassis_Upload_Data_s));
 411              		.loc 1 50 21 discriminator 1 view .LVU125
 412 0044 104B     		ldr	r3, .L27+44
 413 0046 1860     		str	r0, [r3]
  51:application/cmd/robot_cmd.c **** #endif // ONE_BOARD
 414              		.loc 1 51 5 is_stmt 1 view .LVU126
  51:application/cmd/robot_cmd.c **** #endif // ONE_BOARD
 415              		.loc 1 51 24 is_stmt 0 view .LVU127
 416 0048 0121     		movs	r1, #1
 417 004a 1048     		ldr	r0, .L27+48
 418 004c FFF7FEFF 		bl	SubRegister
 419              	.LVL6:
  51:application/cmd/robot_cmd.c **** #endif // ONE_BOARD
 420              		.loc 1 51 22 discriminator 1 view .LVU128
 421 0050 0F4B     		ldr	r3, .L27+52
 422 0052 1860     		str	r0, [r3]
  67:application/cmd/robot_cmd.c **** }
 423              		.loc 1 67 5 is_stmt 1 view .LVU129
  67:application/cmd/robot_cmd.c **** }
 424              		.loc 1 67 17 is_stmt 0 view .LVU130
 425 0054 0F4B     		ldr	r3, .L27+56
 426 0056 0122     		movs	r2, #1
 427 0058 1A70     		strb	r2, [r3]
  68:application/cmd/robot_cmd.c **** 
 428              		.loc 1 68 1 view .LVU131
 429 005a 08BD     		pop	{r3, pc}
 430              	.L28:
 431              		.align	2
ARM GAS  C:\Users\Sive\AppData\Local\Temp\ccPgAXUM.s 			page 13


 432              	.L27:
 433 005c 00000000 		.word	huart3
 434 0060 00000000 		.word	rc_data
 435 0064 00000000 		.word	.LC0
 436 0068 00000000 		.word	paw_cmd_pub
 437 006c 08000000 		.word	.LC1
 438 0070 00000000 		.word	paw_feed_sub
 439 0074 14000000 		.word	.LC2
 440 0078 00000000 		.word	shoot_cmd_pub
 441 007c 20000000 		.word	.LC3
 442 0080 00000000 		.word	shoot_feed_sub
 443 0084 2C000000 		.word	.LC4
 444 0088 00000000 		.word	chassis_cmd_pub
 445 008c 38000000 		.word	.LC5
 446 0090 00000000 		.word	chassis_feed_sub
 447 0094 00000000 		.word	robot_state
 448              		.cfi_endproc
 449              	.LFE170:
 451              		.section	.text.RobotCMDTask,"ax",%progbits
 452              		.align	1
 453              		.global	RobotCMDTask
 454              		.syntax unified
 455              		.thumb
 456              		.thumb_func
 458              	RobotCMDTask:
 459              	.LFB173:
 200:application/cmd/robot_cmd.c **** 
 201:application/cmd/robot_cmd.c **** /* æœºå™¨äººæ ¸å¿ƒæ§åˆ¶ä»»åŠ¡,200Hzé¢‘ç‡è¿è¡Œ(å¿…é¡»é«˜äºè§†è§‰å‘é€é¢‘ç‡) */
 202:application/cmd/robot_cmd.c **** void RobotCMDTask()
 203:application/cmd/robot_cmd.c **** {
 460              		.loc 1 203 1 is_stmt 1 view -0
 461              		.cfi_startproc
 462              		@ args = 0, pretend = 0, frame = 0
 463              		@ frame_needed = 0, uses_anonymous_args = 0
 464 0000 08B5     		push	{r3, lr}
 465              		.cfi_def_cfa_offset 8
 466              		.cfi_offset 3, -8
 467              		.cfi_offset 14, -4
 204:application/cmd/robot_cmd.c ****     // ä»å…¶ä»–åº”ç”¨è·å–å›ä¼ æ•°æ®
 205:application/cmd/robot_cmd.c **** #ifdef ONE_BOARD
 206:application/cmd/robot_cmd.c ****     SubGetMessage(chassis_feed_sub, (void *)&chassis_fetch_data);
 468              		.loc 1 206 5 view .LVU133
 469 0002 0F49     		ldr	r1, .L31
 470 0004 0F4B     		ldr	r3, .L31+4
 471 0006 1868     		ldr	r0, [r3]
 472 0008 FFF7FEFF 		bl	SubGetMessage
 473              	.LVL7:
 207:application/cmd/robot_cmd.c **** #endif // ONE_BOARD
 208:application/cmd/robot_cmd.c **** #ifdef GIMBAL_BOARD
 209:application/cmd/robot_cmd.c ****     chassis_fetch_data = *(Chassis_Upload_Data_s *)CANCommGet(cmd_can_comm);
 210:application/cmd/robot_cmd.c **** #endif // GIMBAL_BOARD
 211:application/cmd/robot_cmd.c ****     SubGetMessage(paw_feed_sub, &paw_fetch_data);//---äº‘å°å’Œå‘å°„
 474              		.loc 1 211 5 view .LVU134
 475 000c 0E49     		ldr	r1, .L31+8
 476 000e 0F4B     		ldr	r3, .L31+12
 477 0010 1868     		ldr	r0, [r3]
 478 0012 FFF7FEFF 		bl	SubGetMessage
ARM GAS  C:\Users\Sive\AppData\Local\Temp\ccPgAXUM.s 			page 14


 479              	.LVL8:
 212:application/cmd/robot_cmd.c ****     // SubGetMessage(gimbal_feed_sub, &gimbal_fetch_data);
 213:application/cmd/robot_cmd.c **** 
 214:application/cmd/robot_cmd.c ****     // æ ¹æ®gimbalçš„åé¦ˆå€¼è®¡ç®—äº‘å°å’Œåº•ç›˜æ­£æ–¹å‘çš„å¤¹è§’,ä¸éœ€è¦ä¼ å‚,é€šè¿‡static
 215:application/cmd/robot_cmd.c ****     // CalcOffsetAngle();
 216:application/cmd/robot_cmd.c ****     // // æ ¹æ®é¥æ§å™¨å·¦ä¾§å¼€å…³,ç¡®å®šå½“å‰ä½¿ç”¨çš„æ§åˆ¶æ¨¡å¼ä¸ºé¥æ§å™¨è°ƒè¯•è¿˜æ˜¯é”®é
 217:application/cmd/robot_cmd.c ****     // if (switch_is_down(rc_data[TEMP].rc.switch_left)) // é¥æ§å™¨å·¦ä¾§å¼€å…³çŠ¶æ€ä¸º[ä¸‹],é¥
 218:application/cmd/robot_cmd.c ****         RemoteControlSet();
 480              		.loc 1 218 9 view .LVU135
 481 0016 FFF7FEFF 		bl	RemoteControlSet
 482              	.LVL9:
 219:application/cmd/robot_cmd.c ****     // else if (switch_is_up(rc_data[TEMP].rc.switch_left)) // é¥æ§å™¨å·¦ä¾§å¼€å…³çŠ¶æ€ä¸º[ä¸Š],
 220:application/cmd/robot_cmd.c ****         // MouseKeySet();
 221:application/cmd/robot_cmd.c **** 
 222:application/cmd/robot_cmd.c ****         EmergencyHandler(); // å¤„ç†æ¨¡å—ç¦»çº¿å’Œé¥æ§å™¨æ€¥åœç­‰ç´§æ€¥æƒ…å†µ
 483              		.loc 1 222 9 view .LVU136
 484 001a FFF7FEFF 		bl	EmergencyHandler
 485              	.LVL10:
 223:application/cmd/robot_cmd.c **** 
 224:application/cmd/robot_cmd.c ****     // è®¾ç½®è§†è§‰å‘é€æ•°æ®,è¿˜éœ€å¢åŠ åŠ é€Ÿåº¦å’Œè§’é€Ÿåº¦æ•°æ®
 225:application/cmd/robot_cmd.c ****     // VisionSetFlag(chassis_fetch_data.enemy_color,,chassis_fetch_data.bullet_speed)
 226:application/cmd/robot_cmd.c **** 
 227:application/cmd/robot_cmd.c ****     // æ¨é€æ¶ˆæ¯,åŒæ¿é€šä¿¡,è§†è§‰é€šä¿¡ç­‰
 228:application/cmd/robot_cmd.c ****     // å…¶ä»–åº”ç”¨æ‰€éœ€çš„æ§åˆ¶æ•°æ®åœ¨remotecontrolsetmodeå’Œmousekeysetmodeä¸­å®Œæˆè®¾ç½®
 229:application/cmd/robot_cmd.c **** #ifdef ONE_BOARD
 230:application/cmd/robot_cmd.c ****     PubPushMessage(chassis_cmd_pub, (void *)&chassis_cmd_send);
 486              		.loc 1 230 5 view .LVU137
 487 001e 0C49     		ldr	r1, .L31+16
 488 0020 0C4B     		ldr	r3, .L31+20
 489 0022 1868     		ldr	r0, [r3]
 490 0024 FFF7FEFF 		bl	PubPushMessage
 491              	.LVL11:
 231:application/cmd/robot_cmd.c ****     PubPushMessage(paw_cmd_pub, (void *)&paw_cmd_send);
 492              		.loc 1 231 5 view .LVU138
 493 0028 0B49     		ldr	r1, .L31+24
 494 002a 0C4B     		ldr	r3, .L31+28
 495 002c 1868     		ldr	r0, [r3]
 496 002e FFF7FEFF 		bl	PubPushMessage
 497              	.LVL12:
 232:application/cmd/robot_cmd.c ****     PubPushMessage(shoot_cmd_pub, (void *)&shoot_cmd_send);
 498              		.loc 1 232 5 view .LVU139
 499 0032 0B49     		ldr	r1, .L31+32
 500 0034 0B4B     		ldr	r3, .L31+36
 501 0036 1868     		ldr	r0, [r3]
 502 0038 FFF7FEFF 		bl	PubPushMessage
 503              	.LVL13:
 233:application/cmd/robot_cmd.c **** #endif // ONE_BOARD
 234:application/cmd/robot_cmd.c **** #ifdef GIMBAL_BOARD
 235:application/cmd/robot_cmd.c ****     CANCommSend(cmd_can_comm, (void *)&chassis_cmd_send);
 236:application/cmd/robot_cmd.c **** #endif // GIMBAL_BOARD
 237:application/cmd/robot_cmd.c ****     
 238:application/cmd/robot_cmd.c ****     // PubPushMessage(gimbal_cmd_pub, (void *)&gimbal_cmd_send);
 239:application/cmd/robot_cmd.c ****     // VisionSend(&vision_send_data);
 240:application/cmd/robot_cmd.c **** }
 504              		.loc 1 240 1 is_stmt 0 view .LVU140
 505 003c 08BD     		pop	{r3, pc}
 506              	.L32:
ARM GAS  C:\Users\Sive\AppData\Local\Temp\ccPgAXUM.s 			page 15


 507 003e 00BF     		.align	2
 508              	.L31:
 509 0040 00000000 		.word	chassis_fetch_data
 510 0044 00000000 		.word	chassis_feed_sub
 511 0048 00000000 		.word	paw_fetch_data
 512 004c 00000000 		.word	paw_feed_sub
 513 0050 00000000 		.word	chassis_cmd_send
 514 0054 00000000 		.word	chassis_cmd_pub
 515 0058 00000000 		.word	paw_cmd_send
 516 005c 00000000 		.word	paw_cmd_pub
 517 0060 00000000 		.word	shoot_cmd_send
 518 0064 00000000 		.word	shoot_cmd_pub
 519              		.cfi_endproc
 520              	.LFE173:
 522              		.section	.bss.robot_state,"aw",%nobits
 525              	robot_state:
 526 0000 00       		.space	1
 527              		.section	.bss.shoot_cmd_send,"aw",%nobits
 528              		.align	2
 531              	shoot_cmd_send:
 532 0000 00000000 		.space	13
 532      00000000 
 532      00000000 
 532      00
 533              		.section	.bss.shoot_feed_sub,"aw",%nobits
 534              		.align	2
 537              	shoot_feed_sub:
 538 0000 00000000 		.space	4
 539              		.section	.bss.shoot_cmd_pub,"aw",%nobits
 540              		.align	2
 543              	shoot_cmd_pub:
 544 0000 00000000 		.space	4
 545              		.section	.bss.paw_fetch_data,"aw",%nobits
 546              		.align	2
 549              	paw_fetch_data:
 550              		.section	.bss.paw_cmd_send,"aw",%nobits
 551              		.align	2
 554              	paw_cmd_send:
 555 0000 00000000 		.space	12
 555      00000000 
 555      00000000 
 556              		.section	.bss.paw_feed_sub,"aw",%nobits
 557              		.align	2
 560              	paw_feed_sub:
 561 0000 00000000 		.space	4
 562              		.section	.bss.paw_cmd_pub,"aw",%nobits
 563              		.align	2
 566              	paw_cmd_pub:
 567 0000 00000000 		.space	4
 568              		.section	.bss.rc_data,"aw",%nobits
 569              		.align	2
 572              	rc_data:
 573 0000 00000000 		.space	4
 574              		.section	.bss.chassis_fetch_data,"aw",%nobits
 575              		.align	2
 578              	chassis_fetch_data:
 579 0000 00       		.space	1
ARM GAS  C:\Users\Sive\AppData\Local\Temp\ccPgAXUM.s 			page 16


 580              		.section	.bss.chassis_cmd_send,"aw",%nobits
 581              		.align	2
 584              	chassis_cmd_send:
 585 0000 00000000 		.space	25
 585      00000000 
 585      00000000 
 585      00000000 
 585      00000000 
 586              		.section	.bss.chassis_cmd_pub,"aw",%nobits
 587              		.align	2
 590              	chassis_cmd_pub:
 591 0000 00000000 		.space	4
 592              		.section	.bss.chassis_feed_sub,"aw",%nobits
 593              		.align	2
 596              	chassis_feed_sub:
 597 0000 00000000 		.space	4
 598              		.text
 599              	.Letext0:
 600              		.file 2 "C:/Users/Sive/AppData/Roaming/Code/User/globalStorage/bmd.stm32-for-vscode/@xpack-dev-too
 601              		.file 3 "C:/Users/Sive/AppData/Roaming/Code/User/globalStorage/bmd.stm32-for-vscode/@xpack-dev-too
 602              		.file 4 "Drivers/CMSIS/Device/ST/STM32F4xx/Include/stm32f407xx.h"
 603              		.file 5 "Drivers/STM32F4xx_HAL_Driver/Inc/stm32f4xx_hal_def.h"
 604              		.file 6 "Drivers/STM32F4xx_HAL_Driver/Inc/stm32f4xx_hal_dma.h"
 605              		.file 7 "Drivers/STM32F4xx_HAL_Driver/Inc/stm32f4xx_hal_uart.h"
 606              		.file 8 "application/robot_def.h"
 607              		.file 9 "moudels/remote/remote_control.h"
 608              		.file 10 "moudels/message_center/message_center.h"
 609              		.file 11 "Core/Inc/usart.h"
ARM GAS  C:\Users\Sive\AppData\Local\Temp\ccPgAXUM.s 			page 17


DEFINED SYMBOLS
                            *ABS*:00000000 robot_cmd.c
C:\Users\Sive\AppData\Local\Temp\ccPgAXUM.s:21     .text.EmergencyHandler:00000000 $t
C:\Users\Sive\AppData\Local\Temp\ccPgAXUM.s:26     .text.EmergencyHandler:00000000 EmergencyHandler
C:\Users\Sive\AppData\Local\Temp\ccPgAXUM.s:106    .text.EmergencyHandler:00000048 $d
C:\Users\Sive\AppData\Local\Temp\ccPgAXUM.s:572    .bss.rc_data:00000000 rc_data
C:\Users\Sive\AppData\Local\Temp\ccPgAXUM.s:525    .bss.robot_state:00000000 robot_state
C:\Users\Sive\AppData\Local\Temp\ccPgAXUM.s:584    .bss.chassis_cmd_send:00000000 chassis_cmd_send
C:\Users\Sive\AppData\Local\Temp\ccPgAXUM.s:554    .bss.paw_cmd_send:00000000 paw_cmd_send
C:\Users\Sive\AppData\Local\Temp\ccPgAXUM.s:531    .bss.shoot_cmd_send:00000000 shoot_cmd_send
C:\Users\Sive\AppData\Local\Temp\ccPgAXUM.s:115    .text.RemoteControlSet:00000000 $t
C:\Users\Sive\AppData\Local\Temp\ccPgAXUM.s:120    .text.RemoteControlSet:00000000 RemoteControlSet
C:\Users\Sive\AppData\Local\Temp\ccPgAXUM.s:316    .text.RemoteControlSet:00000110 $d
C:\Users\Sive\AppData\Local\Temp\ccPgAXUM.s:326    .rodata.RobotCMDInit.str1.4:00000000 $d
C:\Users\Sive\AppData\Local\Temp\ccPgAXUM.s:345    .text.RobotCMDInit:00000000 $t
C:\Users\Sive\AppData\Local\Temp\ccPgAXUM.s:351    .text.RobotCMDInit:00000000 RobotCMDInit
C:\Users\Sive\AppData\Local\Temp\ccPgAXUM.s:433    .text.RobotCMDInit:0000005c $d
C:\Users\Sive\AppData\Local\Temp\ccPgAXUM.s:566    .bss.paw_cmd_pub:00000000 paw_cmd_pub
C:\Users\Sive\AppData\Local\Temp\ccPgAXUM.s:560    .bss.paw_feed_sub:00000000 paw_feed_sub
C:\Users\Sive\AppData\Local\Temp\ccPgAXUM.s:543    .bss.shoot_cmd_pub:00000000 shoot_cmd_pub
C:\Users\Sive\AppData\Local\Temp\ccPgAXUM.s:537    .bss.shoot_feed_sub:00000000 shoot_feed_sub
C:\Users\Sive\AppData\Local\Temp\ccPgAXUM.s:590    .bss.chassis_cmd_pub:00000000 chassis_cmd_pub
C:\Users\Sive\AppData\Local\Temp\ccPgAXUM.s:596    .bss.chassis_feed_sub:00000000 chassis_feed_sub
C:\Users\Sive\AppData\Local\Temp\ccPgAXUM.s:452    .text.RobotCMDTask:00000000 $t
C:\Users\Sive\AppData\Local\Temp\ccPgAXUM.s:458    .text.RobotCMDTask:00000000 RobotCMDTask
C:\Users\Sive\AppData\Local\Temp\ccPgAXUM.s:509    .text.RobotCMDTask:00000040 $d
C:\Users\Sive\AppData\Local\Temp\ccPgAXUM.s:578    .bss.chassis_fetch_data:00000000 chassis_fetch_data
C:\Users\Sive\AppData\Local\Temp\ccPgAXUM.s:549    .bss.paw_fetch_data:00000000 paw_fetch_data
C:\Users\Sive\AppData\Local\Temp\ccPgAXUM.s:526    .bss.robot_state:00000000 $d
C:\Users\Sive\AppData\Local\Temp\ccPgAXUM.s:528    .bss.shoot_cmd_send:00000000 $d
C:\Users\Sive\AppData\Local\Temp\ccPgAXUM.s:534    .bss.shoot_feed_sub:00000000 $d
C:\Users\Sive\AppData\Local\Temp\ccPgAXUM.s:540    .bss.shoot_cmd_pub:00000000 $d
C:\Users\Sive\AppData\Local\Temp\ccPgAXUM.s:551    .bss.paw_cmd_send:00000000 $d
C:\Users\Sive\AppData\Local\Temp\ccPgAXUM.s:557    .bss.paw_feed_sub:00000000 $d
C:\Users\Sive\AppData\Local\Temp\ccPgAXUM.s:563    .bss.paw_cmd_pub:00000000 $d
C:\Users\Sive\AppData\Local\Temp\ccPgAXUM.s:569    .bss.rc_data:00000000 $d
C:\Users\Sive\AppData\Local\Temp\ccPgAXUM.s:575    .bss.chassis_fetch_data:00000000 $d
C:\Users\Sive\AppData\Local\Temp\ccPgAXUM.s:581    .bss.chassis_cmd_send:00000000 $d
C:\Users\Sive\AppData\Local\Temp\ccPgAXUM.s:587    .bss.chassis_cmd_pub:00000000 $d
C:\Users\Sive\AppData\Local\Temp\ccPgAXUM.s:593    .bss.chassis_feed_sub:00000000 $d

UNDEFINED SYMBOLS
RemoteControlInit
PubRegister
SubRegister
huart3
SubGetMessage
PubPushMessage
